This is pdfTeX, Version 3.141592653-2.6-1.40.24 (TeX Live 2022) (preloaded format=pdflatex 2022.9.2)  3 SEP 2022 19:04
entering extended mode
 restricted \write18 enabled.
 %&-line parsing enabled.
**ma-presentation.tex
(./ma-presentation.tex
LaTeX2e <2022-06-01> patch level 5
L3 programming layer <2022-08-30> (c:/Users/Mufasa/AppData/Roaming/TinyTeX/texmf-dist/tex/latex/beamer/beamer.cls
Document Class: beamer 2022/05/17 v3.67 A class for typesetting presentations
(c:/Users/Mufasa/AppData/Roaming/TinyTeX/texmf-dist/tex/latex/beamer/beamerbasemodes.sty (c:/Users/Mufasa/AppData/Roaming/TinyTeX/texmf-dist/tex/latex/etoolbox/etoolbox.sty
Package: etoolbox 2020/10/05 v2.5k e-TeX tools for LaTeX (JAW)
\etb@tempcnta=\count185
)
\beamer@tempbox=\box51
\beamer@tempcount=\count186
\c@beamerpauses=\count187
(c:/Users/Mufasa/AppData/Roaming/TinyTeX/texmf-dist/tex/latex/beamer/beamerbasedecode.sty
\beamer@slideinframe=\count188
\beamer@minimum=\count189
\beamer@decode@box=\box52
)
\beamer@commentbox=\box53
\beamer@modecount=\count190
) (c:/Users/Mufasa/AppData/Roaming/TinyTeX/texmf-dist/tex/generic/iftex/iftex.sty
Package: iftex 2022/02/03 v1.0f TeX engine tests
)
\headdp=\dimen138
\footheight=\dimen139
\sidebarheight=\dimen140
\beamer@tempdim=\dimen141
\beamer@finalheight=\dimen142
\beamer@animht=\dimen143
\beamer@animdp=\dimen144
\beamer@animwd=\dimen145
\beamer@leftmargin=\dimen146
\beamer@rightmargin=\dimen147
\beamer@leftsidebar=\dimen148
\beamer@rightsidebar=\dimen149
\beamer@boxsize=\dimen150
\beamer@vboxoffset=\dimen151
\beamer@descdefault=\dimen152
\beamer@descriptionwidth=\dimen153
\beamer@lastskip=\skip47
\beamer@areabox=\box54
\beamer@animcurrent=\box55
\beamer@animshowbox=\box56
\beamer@sectionbox=\box57
\beamer@logobox=\box58
\beamer@linebox=\box59
\beamer@sectioncount=\count191
\beamer@subsubsectionmax=\count192
\beamer@subsectionmax=\count193
\beamer@sectionmax=\count194
\beamer@totalheads=\count195
\beamer@headcounter=\count196
\beamer@partstartpage=\count197
\beamer@sectionstartpage=\count198
\beamer@subsectionstartpage=\count199
\beamer@animationtempa=\count266
\beamer@animationtempb=\count267
\beamer@xpos=\count268
\beamer@ypos=\count269
\beamer@ypos@offset=\count270
\beamer@showpartnumber=\count271
\beamer@currentsubsection=\count272
\beamer@coveringdepth=\count273
\beamer@sectionadjust=\count274
\beamer@toclastsection=\count275
\beamer@tocsectionnumber=\count276
(c:/Users/Mufasa/AppData/Roaming/TinyTeX/texmf-dist/tex/latex/beamer/beamerbaseoptions.sty (c:/Users/Mufasa/AppData/Roaming/TinyTeX/texmf-dist/tex/latex/graphics/keyval.sty
Package: keyval 2022/05/29 v1.15 key=value parser (DPC)
\KV@toks@=\toks16
))
\beamer@paperwidth=\skip48
\beamer@paperheight=\skip49
(c:/Users/Mufasa/AppData/Roaming/TinyTeX/texmf-dist/tex/latex/geometry/geometry.sty
Package: geometry 2020/01/02 v5.9 Page Geometry
(c:/Users/Mufasa/AppData/Roaming/TinyTeX/texmf-dist/tex/generic/iftex/ifvtex.sty
Package: ifvtex 2019/10/25 v1.7 ifvtex legacy package. Use iftex instead.
)
\Gm@cnth=\count277
\Gm@cntv=\count278
\c@Gm@tempcnt=\count279
\Gm@bindingoffset=\dimen154
\Gm@wd@mp=\dimen155
\Gm@odd@mp=\dimen156
\Gm@even@mp=\dimen157
\Gm@layoutwidth=\dimen158
\Gm@layoutheight=\dimen159
\Gm@layouthoffset=\dimen160
\Gm@layoutvoffset=\dimen161
\Gm@dimlist=\toks17
) (c:/Users/Mufasa/AppData/Roaming/TinyTeX/texmf-dist/tex/latex/pgf/math/pgfmath.sty (c:/Users/Mufasa/AppData/Roaming/TinyTeX/texmf-dist/tex/latex/pgf/utilities/pgfrcs.sty (c:/Users/Mufasa/AppData/Roaming/TinyTeX/texmf-dist/tex/generic/pgf/utilities/pgfutil-common.tex
\pgfutil@everybye=\toks18
\pgfutil@tempdima=\dimen162
\pgfutil@tempdimb=\dimen163
(c:/Users/Mufasa/AppData/Roaming/TinyTeX/texmf-dist/tex/generic/pgf/utilities/pgfutil-common-lists.tex)) (c:/Users/Mufasa/AppData/Roaming/TinyTeX/texmf-dist/tex/generic/pgf/utilities/pgfutil-latex.def
\pgfutil@abb=\box60
) (c:/Users/Mufasa/AppData/Roaming/TinyTeX/texmf-dist/tex/generic/pgf/utilities/pgfrcs.code.tex (c:/Users/Mufasa/AppData/Roaming/TinyTeX/texmf-dist/tex/generic/pgf/pgf.revision.tex)
Package: pgfrcs 2021/05/15 v3.1.9a (3.1.9a)
)) (c:/Users/Mufasa/AppData/Roaming/TinyTeX/texmf-dist/tex/latex/pgf/utilities/pgfkeys.sty (c:/Users/Mufasa/AppData/Roaming/TinyTeX/texmf-dist/tex/generic/pgf/utilities/pgfkeys.code.tex
\pgfkeys@pathtoks=\toks19
\pgfkeys@temptoks=\toks20
(c:/Users/Mufasa/AppData/Roaming/TinyTeX/texmf-dist/tex/generic/pgf/utilities/pgfkeysfiltered.code.tex
\pgfkeys@tmptoks=\toks21
))) (c:/Users/Mufasa/AppData/Roaming/TinyTeX/texmf-dist/tex/generic/pgf/math/pgfmath.code.tex (c:/Users/Mufasa/AppData/Roaming/TinyTeX/texmf-dist/tex/generic/pgf/math/pgfmathcalc.code.tex (c:/Users/Mufasa/AppData/Roaming/TinyTeX/texmf-dist/tex/generic/pgf/math/pgfmathutil.code.tex
\pgf@x=\dimen164
\pgf@xa=\dimen165
\pgf@xb=\dimen166
\pgf@xc=\dimen167
\pgf@y=\dimen168
\pgf@ya=\dimen169
\pgf@yb=\dimen170
\pgf@yc=\dimen171
\c@pgf@counta=\count280
\c@pgf@countb=\count281
\c@pgf@countc=\count282
\c@pgf@countd=\count283
) (c:/Users/Mufasa/AppData/Roaming/TinyTeX/texmf-dist/tex/generic/pgf/math/pgfmathparser.code.tex
\pgfmath@dimen=\dimen172
\pgfmath@count=\count284
\pgfmath@box=\box61
\pgfmath@toks=\toks22
\pgfmath@stack@operand=\toks23
\pgfmath@stack@operation=\toks24
) (c:/Users/Mufasa/AppData/Roaming/TinyTeX/texmf-dist/tex/generic/pgf/math/pgfmathfunctions.code.tex (c:/Users/Mufasa/AppData/Roaming/TinyTeX/texmf-dist/tex/generic/pgf/math/pgfmathfunctions.basic.code.tex) (c:/Users/Mufasa/AppData/Roaming/TinyTeX/texmf-dist/tex/generic/pgf/math/pgfmathfunctions.trigonometric.code.tex) (c:/Users/Mufasa/AppData/Roaming/TinyTeX/texmf-dist/tex/generic/pgf/math/pgfmathfunctions.random.code.tex) (c:/Users/Mufasa/AppData/Roaming/TinyTeX/texmf-dist/tex/generic/pgf/math/pgfmathfunctions.comparison.code.tex) (c:/Users/Mufasa/AppData/Roaming/TinyTeX/texmf-dist/tex/generic/pgf/math/pgfmathfunctions.base.code.tex) (c:/Users/Mufasa/AppData/Roaming/TinyTeX/texmf-dist/tex/generic/pgf/math/pgfmathfunctions.round.code.tex) (c:/Users/Mufasa/AppData/Roaming/TinyTeX/texmf-dist/tex/generic/pgf/math/pgfmathfunctions.misc.code.tex) (c:/Users/Mufasa/AppData/Roaming/TinyTeX/texmf-dist/tex/generic/pgf/math/pgfmathfunctions.integerarithmetics.code.tex))) (c:/Users/Mufasa/AppData/Roaming/TinyTeX/texmf-dist/tex/generic/pgf/math/pgfmathfloat.code.tex
\c@pgfmathroundto@lastzeros=\count285
))) (c:/Users/Mufasa/AppData/Roaming/TinyTeX/texmf-dist/tex/latex/base/size11.clo
File: size11.clo 2021/10/04 v1.4n Standard LaTeX file (size option)
) (c:/Users/Mufasa/AppData/Roaming/TinyTeX/texmf-dist/tex/latex/pgf/basiclayer/pgfcore.sty (c:/Users/Mufasa/AppData/Roaming/TinyTeX/texmf-dist/tex/latex/graphics/graphicx.sty
Package: graphicx 2021/09/16 v1.2d Enhanced LaTeX Graphics (DPC,SPQR)
(c:/Users/Mufasa/AppData/Roaming/TinyTeX/texmf-dist/tex/latex/graphics/graphics.sty
Package: graphics 2022/03/10 v1.4e Standard LaTeX Graphics (DPC,SPQR)
(c:/Users/Mufasa/AppData/Roaming/TinyTeX/texmf-dist/tex/latex/graphics/trig.sty
Package: trig 2021/08/11 v1.11 sin cos tan (DPC)
) (c:/Users/Mufasa/AppData/Roaming/TinyTeX/texmf-dist/tex/latex/graphics-cfg/graphics.cfg
File: graphics.cfg 2016/06/04 v1.11 sample graphics configuration
)
Package graphics Info: Driver file: pdftex.def on input line 107.
(c:/Users/Mufasa/AppData/Roaming/TinyTeX/texmf-dist/tex/latex/graphics-def/pdftex.def
File: pdftex.def 2020/10/05 v1.2a Graphics/color driver for pdftex
))
\Gin@req@height=\dimen173
\Gin@req@width=\dimen174
) (c:/Users/Mufasa/AppData/Roaming/TinyTeX/texmf-dist/tex/latex/pgf/systemlayer/pgfsys.sty (c:/Users/Mufasa/AppData/Roaming/TinyTeX/texmf-dist/tex/generic/pgf/systemlayer/pgfsys.code.tex
Package: pgfsys 2021/05/15 v3.1.9a (3.1.9a)
(c:/Users/Mufasa/AppData/Roaming/TinyTeX/texmf-dist/tex/generic/pgf/utilities/pgfkeys.code.tex)
\pgf@x=\dimen175
\pgf@y=\dimen176
\pgf@xa=\dimen177
\pgf@ya=\dimen178
\pgf@xb=\dimen179
\pgf@yb=\dimen180
\pgf@xc=\dimen181
\pgf@yc=\dimen182
\pgf@xd=\dimen183
\pgf@yd=\dimen184
\w@pgf@writea=\write3
\r@pgf@reada=\read2
\c@pgf@counta=\count286
\c@pgf@countb=\count287
\c@pgf@countc=\count288
\c@pgf@countd=\count289
\t@pgf@toka=\toks25
\t@pgf@tokb=\toks26
\t@pgf@tokc=\toks27
\pgf@sys@id@count=\count290
(c:/Users/Mufasa/AppData/Roaming/TinyTeX/texmf-dist/tex/generic/pgf/systemlayer/pgf.cfg
File: pgf.cfg 2021/05/15 v3.1.9a (3.1.9a)
)
Driver file for pgf: pgfsys-pdftex.def
(c:/Users/Mufasa/AppData/Roaming/TinyTeX/texmf-dist/tex/generic/pgf/systemlayer/pgfsys-pdftex.def
File: pgfsys-pdftex.def 2021/05/15 v3.1.9a (3.1.9a)
(c:/Users/Mufasa/AppData/Roaming/TinyTeX/texmf-dist/tex/generic/pgf/systemlayer/pgfsys-common-pdf.def
File: pgfsys-common-pdf.def 2021/05/15 v3.1.9a (3.1.9a)
))) (c:/Users/Mufasa/AppData/Roaming/TinyTeX/texmf-dist/tex/generic/pgf/systemlayer/pgfsyssoftpath.code.tex
File: pgfsyssoftpath.code.tex 2021/05/15 v3.1.9a (3.1.9a)
\pgfsyssoftpath@smallbuffer@items=\count291
\pgfsyssoftpath@bigbuffer@items=\count292
) (c:/Users/Mufasa/AppData/Roaming/TinyTeX/texmf-dist/tex/generic/pgf/systemlayer/pgfsysprotocol.code.tex
File: pgfsysprotocol.code.tex 2021/05/15 v3.1.9a (3.1.9a)
)) (c:/Users/Mufasa/AppData/Roaming/TinyTeX/texmf-dist/tex/latex/xcolor/xcolor.sty
Package: xcolor 2022/06/12 v2.14 LaTeX color extensions (UK)
(c:/Users/Mufasa/AppData/Roaming/TinyTeX/texmf-dist/tex/latex/graphics-cfg/color.cfg
File: color.cfg 2016/01/02 v1.6 sample color configuration
)
Package xcolor Info: Driver file: pdftex.def on input line 227.
(c:/Users/Mufasa/AppData/Roaming/TinyTeX/texmf-dist/tex/latex/graphics/mathcolor.ltx)
Package xcolor Info: Model `cmy' substituted by `cmy0' on input line 1353.
Package xcolor Info: Model `hsb' substituted by `rgb' on input line 1357.
Package xcolor Info: Model `RGB' extended on input line 1369.
Package xcolor Info: Model `HTML' substituted by `rgb' on input line 1371.
Package xcolor Info: Model `Hsb' substituted by `hsb' on input line 1372.
Package xcolor Info: Model `tHsb' substituted by `hsb' on input line 1373.
Package xcolor Info: Model `HSB' substituted by `hsb' on input line 1374.
Package xcolor Info: Model `Gray' substituted by `gray' on input line 1375.
Package xcolor Info: Model `wave' substituted by `hsb' on input line 1376.
) (c:/Users/Mufasa/AppData/Roaming/TinyTeX/texmf-dist/tex/generic/pgf/basiclayer/pgfcore.code.tex
Package: pgfcore 2021/05/15 v3.1.9a (3.1.9a)
(c:/Users/Mufasa/AppData/Roaming/TinyTeX/texmf-dist/tex/generic/pgf/math/pgfmath.code.tex) (c:/Users/Mufasa/AppData/Roaming/TinyTeX/texmf-dist/tex/generic/pgf/math/pgfint.code.tex) (c:/Users/Mufasa/AppData/Roaming/TinyTeX/texmf-dist/tex/generic/pgf/basiclayer/pgfcorepoints.code.tex
File: pgfcorepoints.code.tex 2021/05/15 v3.1.9a (3.1.9a)
\pgf@picminx=\dimen185
\pgf@picmaxx=\dimen186
\pgf@picminy=\dimen187
\pgf@picmaxy=\dimen188
\pgf@pathminx=\dimen189
\pgf@pathmaxx=\dimen190
\pgf@pathminy=\dimen191
\pgf@pathmaxy=\dimen192
\pgf@xx=\dimen193
\pgf@xy=\dimen194
\pgf@yx=\dimen195
\pgf@yy=\dimen196
\pgf@zx=\dimen197
\pgf@zy=\dimen198
) (c:/Users/Mufasa/AppData/Roaming/TinyTeX/texmf-dist/tex/generic/pgf/basiclayer/pgfcorepathconstruct.code.tex
File: pgfcorepathconstruct.code.tex 2021/05/15 v3.1.9a (3.1.9a)
\pgf@path@lastx=\dimen199
\pgf@path@lasty=\dimen256
) (c:/Users/Mufasa/AppData/Roaming/TinyTeX/texmf-dist/tex/generic/pgf/basiclayer/pgfcorepathusage.code.tex
File: pgfcorepathusage.code.tex 2021/05/15 v3.1.9a (3.1.9a)
\pgf@shorten@end@additional=\dimen257
\pgf@shorten@start@additional=\dimen258
) (c:/Users/Mufasa/AppData/Roaming/TinyTeX/texmf-dist/tex/generic/pgf/basiclayer/pgfcorescopes.code.tex
File: pgfcorescopes.code.tex 2021/05/15 v3.1.9a (3.1.9a)
\pgfpic=\box62
\pgf@hbox=\box63
\pgf@layerbox@main=\box64
\pgf@picture@serial@count=\count293
) (c:/Users/Mufasa/AppData/Roaming/TinyTeX/texmf-dist/tex/generic/pgf/basiclayer/pgfcoregraphicstate.code.tex
File: pgfcoregraphicstate.code.tex 2021/05/15 v3.1.9a (3.1.9a)
\pgflinewidth=\dimen259
) (c:/Users/Mufasa/AppData/Roaming/TinyTeX/texmf-dist/tex/generic/pgf/basiclayer/pgfcoretransformations.code.tex
File: pgfcoretransformations.code.tex 2021/05/15 v3.1.9a (3.1.9a)
\pgf@pt@x=\dimen260
\pgf@pt@y=\dimen261
\pgf@pt@temp=\dimen262
) (c:/Users/Mufasa/AppData/Roaming/TinyTeX/texmf-dist/tex/generic/pgf/basiclayer/pgfcorequick.code.tex
File: pgfcorequick.code.tex 2021/05/15 v3.1.9a (3.1.9a)
) (c:/Users/Mufasa/AppData/Roaming/TinyTeX/texmf-dist/tex/generic/pgf/basiclayer/pgfcoreobjects.code.tex
File: pgfcoreobjects.code.tex 2021/05/15 v3.1.9a (3.1.9a)
) (c:/Users/Mufasa/AppData/Roaming/TinyTeX/texmf-dist/tex/generic/pgf/basiclayer/pgfcorepathprocessing.code.tex
File: pgfcorepathprocessing.code.tex 2021/05/15 v3.1.9a (3.1.9a)
) (c:/Users/Mufasa/AppData/Roaming/TinyTeX/texmf-dist/tex/generic/pgf/basiclayer/pgfcorearrows.code.tex
File: pgfcorearrows.code.tex 2021/05/15 v3.1.9a (3.1.9a)
\pgfarrowsep=\dimen263
) (c:/Users/Mufasa/AppData/Roaming/TinyTeX/texmf-dist/tex/generic/pgf/basiclayer/pgfcoreshade.code.tex
File: pgfcoreshade.code.tex 2021/05/15 v3.1.9a (3.1.9a)
\pgf@max=\dimen264
\pgf@sys@shading@range@num=\count294
\pgf@shadingcount=\count295
) (c:/Users/Mufasa/AppData/Roaming/TinyTeX/texmf-dist/tex/generic/pgf/basiclayer/pgfcoreimage.code.tex
File: pgfcoreimage.code.tex 2021/05/15 v3.1.9a (3.1.9a)
(c:/Users/Mufasa/AppData/Roaming/TinyTeX/texmf-dist/tex/generic/pgf/basiclayer/pgfcoreexternal.code.tex
File: pgfcoreexternal.code.tex 2021/05/15 v3.1.9a (3.1.9a)
\pgfexternal@startupbox=\box65
)) (c:/Users/Mufasa/AppData/Roaming/TinyTeX/texmf-dist/tex/generic/pgf/basiclayer/pgfcorelayers.code.tex
File: pgfcorelayers.code.tex 2021/05/15 v3.1.9a (3.1.9a)
) (c:/Users/Mufasa/AppData/Roaming/TinyTeX/texmf-dist/tex/generic/pgf/basiclayer/pgfcoretransparency.code.tex
File: pgfcoretransparency.code.tex 2021/05/15 v3.1.9a (3.1.9a)
) (c:/Users/Mufasa/AppData/Roaming/TinyTeX/texmf-dist/tex/generic/pgf/basiclayer/pgfcorepatterns.code.tex
File: pgfcorepatterns.code.tex 2021/05/15 v3.1.9a (3.1.9a)
) (c:/Users/Mufasa/AppData/Roaming/TinyTeX/texmf-dist/tex/generic/pgf/basiclayer/pgfcorerdf.code.tex
File: pgfcorerdf.code.tex 2021/05/15 v3.1.9a (3.1.9a)
))) (c:/Users/Mufasa/AppData/Roaming/TinyTeX/texmf-dist/tex/latex/pgf/utilities/xxcolor.sty
Package: xxcolor 2003/10/24 ver 0.1
\XC@nummixins=\count296
\XC@countmixins=\count297
) (c:/Users/Mufasa/AppData/Roaming/TinyTeX/texmf-dist/tex/latex/base/atbegshi-ltx.sty
Package: atbegshi-ltx 2021/01/10 v1.0c Emulation of the original atbegshi
package with kernel methods
) (c:/Users/Mufasa/AppData/Roaming/TinyTeX/texmf-dist/tex/latex/hyperref/hyperref.sty
Package: hyperref 2022-06-20 v7.00s Hypertext links for LaTeX
(c:/Users/Mufasa/AppData/Roaming/TinyTeX/texmf-dist/tex/generic/ltxcmds/ltxcmds.sty
Package: ltxcmds 2020-05-10 v1.25 LaTeX kernel commands for general use (HO)
) (c:/Users/Mufasa/AppData/Roaming/TinyTeX/texmf-dist/tex/generic/pdftexcmds/pdftexcmds.sty
Package: pdftexcmds 2020-06-27 v0.33 Utility functions of pdfTeX for LuaTeX (HO)
(c:/Users/Mufasa/AppData/Roaming/TinyTeX/texmf-dist/tex/generic/infwarerr/infwarerr.sty
Package: infwarerr 2019/12/03 v1.5 Providing info/warning/error messages (HO)
)
Package pdftexcmds Info: \pdf@primitive is available.
Package pdftexcmds Info: \pdf@ifprimitive is available.
Package pdftexcmds Info: \pdfdraftmode found.
) (c:/Users/Mufasa/AppData/Roaming/TinyTeX/texmf-dist/tex/generic/kvsetkeys/kvsetkeys.sty
Package: kvsetkeys 2019/12/15 v1.18 Key value parser (HO)
) (c:/Users/Mufasa/AppData/Roaming/TinyTeX/texmf-dist/tex/generic/kvdefinekeys/kvdefinekeys.sty
Package: kvdefinekeys 2019-12-19 v1.6 Define keys (HO)
) (c:/Users/Mufasa/AppData/Roaming/TinyTeX/texmf-dist/tex/generic/pdfescape/pdfescape.sty
Package: pdfescape 2019/12/09 v1.15 Implements pdfTeX's escape features (HO)
) (c:/Users/Mufasa/AppData/Roaming/TinyTeX/texmf-dist/tex/latex/hycolor/hycolor.sty
Package: hycolor 2020-01-27 v1.10 Color options for hyperref/bookmark (HO)
) (c:/Users/Mufasa/AppData/Roaming/TinyTeX/texmf-dist/tex/latex/letltxmacro/letltxmacro.sty
Package: letltxmacro 2019/12/03 v1.6 Let assignment for LaTeX macros (HO)
) (c:/Users/Mufasa/AppData/Roaming/TinyTeX/texmf-dist/tex/latex/auxhook/auxhook.sty
Package: auxhook 2019-12-17 v1.6 Hooks for auxiliary files (HO)
) (c:/Users/Mufasa/AppData/Roaming/TinyTeX/texmf-dist/tex/latex/hyperref/nameref.sty
Package: nameref 2022-05-17 v2.50 Cross-referencing by name of section
(c:/Users/Mufasa/AppData/Roaming/TinyTeX/texmf-dist/tex/latex/refcount/refcount.sty
Package: refcount 2019/12/15 v3.6 Data extraction from label references (HO)
) (c:/Users/Mufasa/AppData/Roaming/TinyTeX/texmf-dist/tex/generic/gettitlestring/gettitlestring.sty
Package: gettitlestring 2019/12/15 v1.6 Cleanup title references (HO)
(c:/Users/Mufasa/AppData/Roaming/TinyTeX/texmf-dist/tex/latex/kvoptions/kvoptions.sty
Package: kvoptions 2022-06-15 v3.15 Key value format for package options (HO)
))
\c@section@level=\count298
)
\@linkdim=\dimen265
\Hy@linkcounter=\count299
\Hy@pagecounter=\count300
(c:/Users/Mufasa/AppData/Roaming/TinyTeX/texmf-dist/tex/latex/hyperref/pd1enc.def
File: pd1enc.def 2022-06-20 v7.00s Hyperref: PDFDocEncoding definition (HO)
Now handling font encoding PD1 ...
... no UTF-8 mapping file for font encoding PD1
) (c:/Users/Mufasa/AppData/Roaming/TinyTeX/texmf-dist/tex/generic/intcalc/intcalc.sty
Package: intcalc 2019/12/15 v1.3 Expandable calculations with integers (HO)
) (c:/Users/Mufasa/AppData/Roaming/TinyTeX/texmf-dist/tex/generic/etexcmds/etexcmds.sty
Package: etexcmds 2019/12/15 v1.7 Avoid name clashes with e-TeX commands (HO)
)
\Hy@SavedSpaceFactor=\count301
(c:/Users/Mufasa/AppData/Roaming/TinyTeX/texmf-dist/tex/latex/hyperref/puenc.def
File: puenc.def 2022-06-20 v7.00s Hyperref: PDF Unicode definition (HO)
Now handling font encoding PU ...
... no UTF-8 mapping file for font encoding PU
)
Package hyperref Info: Option `unicode' set `true' on input line 4045.
Package hyperref Info: Option `bookmarks' set `true' on input line 4045.
Package hyperref Info: Option `bookmarksopen' set `true' on input line 4045.
Package hyperref Info: Option `implicit' set `false' on input line 4045.
Package hyperref Info: Hyper figures OFF on input line 4162.
Package hyperref Info: Link nesting OFF on input line 4167.
Package hyperref Info: Hyper index ON on input line 4170.
Package hyperref Info: Plain pages OFF on input line 4177.
Package hyperref Info: Backreferencing OFF on input line 4182.
Package hyperref Info: Implicit mode OFF; no redefinition of LaTeX internals.
Package hyperref Info: Bookmarks ON on input line 4408.
\c@Hy@tempcnt=\count302
(c:/Users/Mufasa/AppData/Roaming/TinyTeX/texmf-dist/tex/latex/url/url.sty
\Urlmuskip=\muskip16
Package: url 2013/09/16  ver 3.4  Verb mode for urls, etc.
)
LaTeX Info: Redefining \url on input line 4746.
\XeTeXLinkMargin=\dimen266
(c:/Users/Mufasa/AppData/Roaming/TinyTeX/texmf-dist/tex/generic/bitset/bitset.sty
Package: bitset 2019/12/09 v1.3 Handle bit-vector datatype (HO)
(c:/Users/Mufasa/AppData/Roaming/TinyTeX/texmf-dist/tex/generic/bigintcalc/bigintcalc.sty
Package: bigintcalc 2019/12/15 v1.5 Expandable calculations on big integers (HO)
))
\Fld@menulength=\count303
\Field@Width=\dimen267
\Fld@charsize=\dimen268
Package hyperref Info: Hyper figures OFF on input line 6024.
Package hyperref Info: Link nesting OFF on input line 6029.
Package hyperref Info: Hyper index ON on input line 6032.
Package hyperref Info: backreferencing OFF on input line 6039.
Package hyperref Info: Link coloring OFF on input line 6044.
Package hyperref Info: Link coloring with OCG OFF on input line 6049.
Package hyperref Info: PDF/A mode OFF on input line 6054.
\Hy@abspage=\count304

Package hyperref Message: Stopped early.

)
Package hyperref Info: Driver (autodetected): hpdftex.
(c:/Users/Mufasa/AppData/Roaming/TinyTeX/texmf-dist/tex/latex/hyperref/hpdftex.def
File: hpdftex.def 2022-06-20 v7.00s Hyperref driver for pdfTeX
(c:/Users/Mufasa/AppData/Roaming/TinyTeX/texmf-dist/tex/latex/base/atveryend-ltx.sty
Package: atveryend-ltx 2020/08/19 v1.0a Emulation of the original atveryend package
with kernel methods
)
\Fld@listcount=\count305
\c@bookmark@seq@number=\count306
(c:/Users/Mufasa/AppData/Roaming/TinyTeX/texmf-dist/tex/latex/rerunfilecheck/rerunfilecheck.sty
Package: rerunfilecheck 2022-07-10 v1.10 Rerun checks for auxiliary files (HO)
(c:/Users/Mufasa/AppData/Roaming/TinyTeX/texmf-dist/tex/generic/uniquecounter/uniquecounter.sty
Package: uniquecounter 2019/12/15 v1.4 Provide unlimited unique counter (HO)
)
Package uniquecounter Info: New unique counter `rerunfilecheck' on input line 285.
)) (c:/Users/Mufasa/AppData/Roaming/TinyTeX/texmf-dist/tex/latex/beamer/beamerbaserequires.sty (c:/Users/Mufasa/AppData/Roaming/TinyTeX/texmf-dist/tex/latex/beamer/beamerbasecompatibility.sty) (c:/Users/Mufasa/AppData/Roaming/TinyTeX/texmf-dist/tex/latex/beamer/beamerbasefont.sty (c:/Users/Mufasa/AppData/Roaming/TinyTeX/texmf-dist/tex/latex/amsfonts/amssymb.sty
Package: amssymb 2013/01/14 v3.01 AMS font symbols
(c:/Users/Mufasa/AppData/Roaming/TinyTeX/texmf-dist/tex/latex/amsfonts/amsfonts.sty
Package: amsfonts 2013/01/14 v3.01 Basic AMSFonts support
\@emptytoks=\toks28
\symAMSa=\mathgroup4
\symAMSb=\mathgroup5
LaTeX Font Info:    Redeclaring math symbol \hbar on input line 98.
LaTeX Font Info:    Overwriting math alphabet `\mathfrak' in version `bold'
(Font)                  U/euf/m/n --> U/euf/b/n on input line 106.
))) (c:/Users/Mufasa/AppData/Roaming/TinyTeX/texmf-dist/tex/latex/beamer/beamerbasetranslator.sty (c:/Users/Mufasa/AppData/Roaming/TinyTeX/texmf-dist/tex/latex/translator/translator.sty
Package: translator 2021-05-31 v1.12d Easy translation of strings in LaTeX
)) (c:/Users/Mufasa/AppData/Roaming/TinyTeX/texmf-dist/tex/latex/beamer/beamerbasemisc.sty) (c:/Users/Mufasa/AppData/Roaming/TinyTeX/texmf-dist/tex/latex/beamer/beamerbasetwoscreens.sty) (c:/Users/Mufasa/AppData/Roaming/TinyTeX/texmf-dist/tex/latex/beamer/beamerbaseoverlay.sty
\beamer@argscount=\count307
\beamer@lastskipcover=\skip50
\beamer@trivlistdepth=\count308
) (c:/Users/Mufasa/AppData/Roaming/TinyTeX/texmf-dist/tex/latex/beamer/beamerbasetitle.sty) (c:/Users/Mufasa/AppData/Roaming/TinyTeX/texmf-dist/tex/latex/beamer/beamerbasesection.sty
\c@lecture=\count309
\c@part=\count310
\c@section=\count311
\c@subsection=\count312
\c@subsubsection=\count313
) (c:/Users/Mufasa/AppData/Roaming/TinyTeX/texmf-dist/tex/latex/beamer/beamerbaseframe.sty
\beamer@framebox=\box66
\beamer@frametitlebox=\box67
\beamer@zoombox=\box68
\beamer@zoomcount=\count314
\beamer@zoomframecount=\count315
\beamer@frametextheight=\dimen269
\c@subsectionslide=\count316
\beamer@frametopskip=\skip51
\beamer@framebottomskip=\skip52
\beamer@frametopskipautobreak=\skip53
\beamer@framebottomskipautobreak=\skip54
\beamer@envbody=\toks29
\framewidth=\dimen270
\c@framenumber=\count317
) (c:/Users/Mufasa/AppData/Roaming/TinyTeX/texmf-dist/tex/latex/beamer/beamerbaseverbatim.sty
\beamer@verbatimfileout=\write4
) (c:/Users/Mufasa/AppData/Roaming/TinyTeX/texmf-dist/tex/latex/beamer/beamerbaseframesize.sty
\beamer@splitbox=\box69
\beamer@autobreakcount=\count318
\beamer@autobreaklastheight=\dimen271
\beamer@frametitletoks=\toks30
\beamer@framesubtitletoks=\toks31
) (c:/Users/Mufasa/AppData/Roaming/TinyTeX/texmf-dist/tex/latex/beamer/beamerbaseframecomponents.sty
\beamer@footins=\box70
) (c:/Users/Mufasa/AppData/Roaming/TinyTeX/texmf-dist/tex/latex/beamer/beamerbasecolor.sty) (c:/Users/Mufasa/AppData/Roaming/TinyTeX/texmf-dist/tex/latex/beamer/beamerbasenotes.sty
\beamer@frameboxcopy=\box71
) (c:/Users/Mufasa/AppData/Roaming/TinyTeX/texmf-dist/tex/latex/beamer/beamerbasetoc.sty) (c:/Users/Mufasa/AppData/Roaming/TinyTeX/texmf-dist/tex/latex/beamer/beamerbasetemplates.sty
\beamer@sbttoks=\toks32
(c:/Users/Mufasa/AppData/Roaming/TinyTeX/texmf-dist/tex/latex/beamer/beamerbaseauxtemplates.sty (c:/Users/Mufasa/AppData/Roaming/TinyTeX/texmf-dist/tex/latex/beamer/beamerbaseboxes.sty
\bmb@box=\box72
\bmb@colorbox=\box73
\bmb@boxwidth=\dimen272
\bmb@boxheight=\dimen273
\bmb@prevheight=\dimen274
\bmb@temp=\dimen275
\bmb@dima=\dimen276
\bmb@dimb=\dimen277
\bmb@prevheight=\dimen278
)
\beamer@blockheadheight=\dimen279
)) (c:/Users/Mufasa/AppData/Roaming/TinyTeX/texmf-dist/tex/latex/beamer/beamerbaselocalstructure.sty (c:/Users/Mufasa/AppData/Roaming/TinyTeX/texmf-dist/tex/latex/tools/enumerate.sty
Package: enumerate 2015/07/23 v3.00 enumerate extensions (DPC)
\@enLab=\toks33
)
\beamer@bibiconwidth=\skip55
\c@figure=\count319
\c@table=\count320
\abovecaptionskip=\skip56
\belowcaptionskip=\skip57
) (c:/Users/Mufasa/AppData/Roaming/TinyTeX/texmf-dist/tex/latex/beamer/beamerbasenavigation.sty
\beamer@section@min@dim=\dimen280
) (c:/Users/Mufasa/AppData/Roaming/TinyTeX/texmf-dist/tex/latex/beamer/beamerbasetheorems.sty (c:/Users/Mufasa/AppData/Roaming/TinyTeX/texmf-dist/tex/latex/amsmath/amsmath.sty
Package: amsmath 2022/04/08 v2.17n AMS math features
\@mathmargin=\skip58
For additional information on amsmath, use the `?' option.
(c:/Users/Mufasa/AppData/Roaming/TinyTeX/texmf-dist/tex/latex/amsmath/amstext.sty
Package: amstext 2021/08/26 v2.01 AMS text
(c:/Users/Mufasa/AppData/Roaming/TinyTeX/texmf-dist/tex/latex/amsmath/amsgen.sty
File: amsgen.sty 1999/11/30 v2.0 generic functions
\@emptytoks=\toks34
\ex@=\dimen281
)) (c:/Users/Mufasa/AppData/Roaming/TinyTeX/texmf-dist/tex/latex/amsmath/amsbsy.sty
Package: amsbsy 1999/11/29 v1.2d Bold Symbols
\pmbraise@=\dimen282
) (c:/Users/Mufasa/AppData/Roaming/TinyTeX/texmf-dist/tex/latex/amsmath/amsopn.sty
Package: amsopn 2022/04/08 v2.04 operator names
)
\inf@bad=\count321
LaTeX Info: Redefining \frac on input line 234.
\uproot@=\count322
\leftroot@=\count323
LaTeX Info: Redefining \overline on input line 399.
LaTeX Info: Redefining \colon on input line 410.
\classnum@=\count324
\DOTSCASE@=\count325
LaTeX Info: Redefining \ldots on input line 496.
LaTeX Info: Redefining \dots on input line 499.
LaTeX Info: Redefining \cdots on input line 620.
\Mathstrutbox@=\box74
\strutbox@=\box75
LaTeX Info: Redefining \big on input line 722.
LaTeX Info: Redefining \Big on input line 723.
LaTeX Info: Redefining \bigg on input line 724.
LaTeX Info: Redefining \Bigg on input line 725.
\big@size=\dimen283
LaTeX Font Info:    Redeclaring font encoding OML on input line 743.
LaTeX Font Info:    Redeclaring font encoding OMS on input line 744.
\macc@depth=\count326
LaTeX Info: Redefining \bmod on input line 905.
LaTeX Info: Redefining \pmod on input line 910.
LaTeX Info: Redefining \smash on input line 940.
LaTeX Info: Redefining \relbar on input line 970.
LaTeX Info: Redefining \Relbar on input line 971.
\c@MaxMatrixCols=\count327
\dotsspace@=\muskip17
\c@parentequation=\count328
\dspbrk@lvl=\count329
\tag@help=\toks35
\row@=\count330
\column@=\count331
\maxfields@=\count332
\andhelp@=\toks36
\eqnshift@=\dimen284
\alignsep@=\dimen285
\tagshift@=\dimen286
\tagwidth@=\dimen287
\totwidth@=\dimen288
\lineht@=\dimen289
\@envbody=\toks37
\multlinegap=\skip59
\multlinetaggap=\skip60
\mathdisplay@stack=\toks38
LaTeX Info: Redefining \[ on input line 2953.
LaTeX Info: Redefining \] on input line 2954.
) (c:/Users/Mufasa/AppData/Roaming/TinyTeX/texmf-dist/tex/latex/amscls/amsthm.sty
Package: amsthm 2020/05/29 v2.20.6
\thm@style=\toks39
\thm@bodyfont=\toks40
\thm@headfont=\toks41
\thm@notefont=\toks42
\thm@headpunct=\toks43
\thm@preskip=\skip61
\thm@postskip=\skip62
\thm@headsep=\skip63
\dth@everypar=\toks44
)
\c@theorem=\count333
) (c:/Users/Mufasa/AppData/Roaming/TinyTeX/texmf-dist/tex/latex/beamer/beamerbasethemes.sty)) (c:/Users/Mufasa/AppData/Roaming/TinyTeX/texmf-dist/tex/latex/beamer/beamerthemedefault.sty (c:/Users/Mufasa/AppData/Roaming/TinyTeX/texmf-dist/tex/latex/beamer/beamerfontthemedefault.sty) (c:/Users/Mufasa/AppData/Roaming/TinyTeX/texmf-dist/tex/latex/beamer/beamercolorthemedefault.sty) (c:/Users/Mufasa/AppData/Roaming/TinyTeX/texmf-dist/tex/latex/beamer/beamerinnerthemedefault.sty
\beamer@dima=\dimen290
\beamer@dimb=\dimen291
) (c:/Users/Mufasa/AppData/Roaming/TinyTeX/texmf-dist/tex/latex/beamer/beamerouterthemedefault.sty))) (c:/Users/Mufasa/AppData/Roaming/TinyTeX/texmf-dist/tex/latex/pgf/utilities/pgfpages.sty
Package: pgfpages 2011/01/05 ver 0.02
(c:/Users/Mufasa/AppData/Roaming/TinyTeX/texmf-dist/tex/latex/tools/calc.sty
Package: calc 2017/05/25 v4.3 Infix arithmetic (KKT,FJ)
\calc@Acount=\count334
\calc@Bcount=\count335
\calc@Adimen=\dimen292
\calc@Bdimen=\dimen293
\calc@Askip=\skip64
\calc@Bskip=\skip65
LaTeX Info: Redefining \setlength on input line 80.
LaTeX Info: Redefining \addtolength on input line 81.
\calc@Ccount=\count336
\calc@Cskip=\skip66
)
\pgf@logicalpages=\count337
\pgf@firstshipout=\count338
\pgf@lastshipout=\count339
\pgf@currentshipout=\count340
\pgf@cpn=\count341
\pgf@shipoutnextto=\count342
\pgfphysicalheight=\dimen294
\pgfphysicalwidth=\dimen295
\pgfpages@shipoutbox=\box76
) (c:/Users/Mufasa/AppData/Roaming/TinyTeX/texmf-dist/tex/latex/lm/lmodern.sty
Package: lmodern 2015/05/01 v1.6.1 Latin Modern Fonts
LaTeX Font Info:    Overwriting symbol font `operators' in version `normal'
(Font)                  OT1/cmr/m/n --> OT1/lmr/m/n on input line 22.
LaTeX Font Info:    Overwriting symbol font `letters' in version `normal'
(Font)                  OML/cmm/m/it --> OML/lmm/m/it on input line 23.
LaTeX Font Info:    Overwriting symbol font `symbols' in version `normal'
(Font)                  OMS/cmsy/m/n --> OMS/lmsy/m/n on input line 24.
LaTeX Font Info:    Overwriting symbol font `largesymbols' in version `normal'
(Font)                  OMX/cmex/m/n --> OMX/lmex/m/n on input line 25.
LaTeX Font Info:    Overwriting symbol font `operators' in version `bold'
(Font)                  OT1/cmr/bx/n --> OT1/lmr/bx/n on input line 26.
LaTeX Font Info:    Overwriting symbol font `letters' in version `bold'
(Font)                  OML/cmm/b/it --> OML/lmm/b/it on input line 27.
LaTeX Font Info:    Overwriting symbol font `symbols' in version `bold'
(Font)                  OMS/cmsy/b/n --> OMS/lmsy/b/n on input line 28.
LaTeX Font Info:    Overwriting symbol font `largesymbols' in version `bold'
(Font)                  OMX/cmex/m/n --> OMX/lmex/m/n on input line 29.
LaTeX Font Info:    Overwriting math alphabet `\mathbf' in version `normal'
(Font)                  OT1/cmr/bx/n --> OT1/lmr/bx/n on input line 31.
LaTeX Font Info:    Overwriting math alphabet `\mathsf' in version `normal'
(Font)                  OT1/cmss/m/n --> OT1/lmss/m/n on input line 32.
LaTeX Font Info:    Overwriting math alphabet `\mathit' in version `normal'
(Font)                  OT1/cmr/m/it --> OT1/lmr/m/it on input line 33.
LaTeX Font Info:    Overwriting math alphabet `\mathtt' in version `normal'
(Font)                  OT1/cmtt/m/n --> OT1/lmtt/m/n on input line 34.
LaTeX Font Info:    Overwriting math alphabet `\mathbf' in version `bold'
(Font)                  OT1/cmr/bx/n --> OT1/lmr/bx/n on input line 35.
LaTeX Font Info:    Overwriting math alphabet `\mathsf' in version `bold'
(Font)                  OT1/cmss/bx/n --> OT1/lmss/bx/n on input line 36.
LaTeX Font Info:    Overwriting math alphabet `\mathit' in version `bold'
(Font)                  OT1/cmr/bx/it --> OT1/lmr/bx/it on input line 37.
LaTeX Font Info:    Overwriting math alphabet `\mathtt' in version `bold'
(Font)                  OT1/cmtt/m/n --> OT1/lmtt/m/n on input line 38.
) (c:/Users/Mufasa/AppData/Roaming/TinyTeX/texmf-dist/tex/latex/base/fontenc.sty
Package: fontenc 2021/04/29 v2.0v Standard LaTeX package
LaTeX Font Info:    Trying to load font information for T1+lmss on input line 112.
(c:/Users/Mufasa/AppData/Roaming/TinyTeX/texmf-dist/tex/latex/lm/t1lmss.fd
File: t1lmss.fd 2015/05/01 v1.6.1 Font defs for Latin Modern
)) (c:/Users/Mufasa/AppData/Roaming/TinyTeX/texmf-dist/tex/latex/base/inputenc.sty
Package: inputenc 2021/02/14 v1.3d Input encoding file
\inpenc@prehook=\toks45
\inpenc@posthook=\toks46
) (c:/Users/Mufasa/AppData/Roaming/TinyTeX/texmf-dist/tex/latex/base/textcomp.sty
Package: textcomp 2020/02/02 v2.0n Standard LaTeX package
) (c:/Users/Mufasa/AppData/Roaming/TinyTeX/texmf-dist/tex/latex/beamertheme-metropolis/beamerthememetropolis.sty
Package: beamerthememetropolis 2017/01/23 v1.2 Metropolis Beamer theme
(c:/Users/Mufasa/AppData/Roaming/TinyTeX/texmf-dist/tex/latex/pgfopts/pgfopts.sty
Package: pgfopts 2014/07/10 v2.1a LaTeX package options with pgfkeys
\pgfopts@list@add@a@toks=\toks47
\pgfopts@list@add@b@toks=\toks48
) (c:/Users/Mufasa/AppData/Roaming/TinyTeX/texmf-dist/tex/latex/beamertheme-metropolis/beamerinnerthememetropolis.sty
Package: beamerinnerthememetropolis 2017/01/23 Metropolis inner theme
(c:/Users/Mufasa/AppData/Roaming/TinyTeX/texmf-dist/tex/latex/pgf/frontendlayer/tikz.sty (c:/Users/Mufasa/AppData/Roaming/TinyTeX/texmf-dist/tex/latex/pgf/basiclayer/pgf.sty
Package: pgf 2021/05/15 v3.1.9a (3.1.9a)
(c:/Users/Mufasa/AppData/Roaming/TinyTeX/texmf-dist/tex/generic/pgf/modules/pgfmoduleshapes.code.tex
File: pgfmoduleshapes.code.tex 2021/05/15 v3.1.9a (3.1.9a)
\pgfnodeparttextbox=\box77
) (c:/Users/Mufasa/AppData/Roaming/TinyTeX/texmf-dist/tex/generic/pgf/modules/pgfmoduleplot.code.tex
File: pgfmoduleplot.code.tex 2021/05/15 v3.1.9a (3.1.9a)
) (c:/Users/Mufasa/AppData/Roaming/TinyTeX/texmf-dist/tex/latex/pgf/compatibility/pgfcomp-version-0-65.sty
Package: pgfcomp-version-0-65 2021/05/15 v3.1.9a (3.1.9a)
\pgf@nodesepstart=\dimen296
\pgf@nodesepend=\dimen297
) (c:/Users/Mufasa/AppData/Roaming/TinyTeX/texmf-dist/tex/latex/pgf/compatibility/pgfcomp-version-1-18.sty
Package: pgfcomp-version-1-18 2021/05/15 v3.1.9a (3.1.9a)
)) (c:/Users/Mufasa/AppData/Roaming/TinyTeX/texmf-dist/tex/latex/pgf/utilities/pgffor.sty (c:/Users/Mufasa/AppData/Roaming/TinyTeX/texmf-dist/tex/generic/pgf/utilities/pgffor.code.tex
Package: pgffor 2021/05/15 v3.1.9a (3.1.9a)
(c:/Users/Mufasa/AppData/Roaming/TinyTeX/texmf-dist/tex/generic/pgf/math/pgfmath.code.tex)
\pgffor@iter=\dimen298
\pgffor@skip=\dimen299
\pgffor@stack=\toks49
\pgffor@toks=\toks50
)) (c:/Users/Mufasa/AppData/Roaming/TinyTeX/texmf-dist/tex/generic/pgf/frontendlayer/tikz/tikz.code.tex
Package: tikz 2021/05/15 v3.1.9a (3.1.9a)
(c:/Users/Mufasa/AppData/Roaming/TinyTeX/texmf-dist/tex/generic/pgf/libraries/pgflibraryplothandlers.code.tex
File: pgflibraryplothandlers.code.tex 2021/05/15 v3.1.9a (3.1.9a)
\pgf@plot@mark@count=\count343
\pgfplotmarksize=\dimen300
)
\tikz@lastx=\dimen301
\tikz@lasty=\dimen302
\tikz@lastxsaved=\dimen303
\tikz@lastysaved=\dimen304
\tikz@lastmovetox=\dimen305
\tikz@lastmovetoy=\dimen306
\tikzleveldistance=\dimen307
\tikzsiblingdistance=\dimen308
\tikz@figbox=\box78
\tikz@figbox@bg=\box79
\tikz@tempbox=\box80
\tikz@tempbox@bg=\box81
\tikztreelevel=\count344
\tikznumberofchildren=\count345
\tikznumberofcurrentchild=\count346
\tikz@fig@count=\count347
(c:/Users/Mufasa/AppData/Roaming/TinyTeX/texmf-dist/tex/generic/pgf/modules/pgfmodulematrix.code.tex
File: pgfmodulematrix.code.tex 2021/05/15 v3.1.9a (3.1.9a)
\pgfmatrixcurrentrow=\count348
\pgfmatrixcurrentcolumn=\count349
\pgf@matrix@numberofcolumns=\count350
)
\tikz@expandcount=\count351
(c:/Users/Mufasa/AppData/Roaming/TinyTeX/texmf-dist/tex/generic/pgf/frontendlayer/tikz/libraries/tikzlibrarytopaths.code.tex
File: tikzlibrarytopaths.code.tex 2021/05/15 v3.1.9a (3.1.9a)
)))
\metropolis@titleseparator@linewidth=\skip67
\metropolis@progressonsectionpage=\skip68
\metropolis@progressonsectionpage@linewidth=\skip69
\metropolis@blocksep=\skip70
\metropolis@blockadjust=\skip71
\metropolis@parskip=\skip72
) (c:/Users/Mufasa/AppData/Roaming/TinyTeX/texmf-dist/tex/latex/beamertheme-metropolis/beamerouterthememetropolis.sty
Package: beamerouterthememetropolis 2017/01/23 Metropolis outer theme
\metropolis@frametitle@padding=\skip73
\metropolis@progressinheadfoot=\skip74
\metropolis@progressinheadfoot@linewidth=\skip75
) (c:/Users/Mufasa/AppData/Roaming/TinyTeX/texmf-dist/tex/latex/beamertheme-metropolis/beamercolorthememetropolis.sty
Package: beamercolorthememetropolis 2017/01/23 Metropolis color theme
) (c:/Users/Mufasa/AppData/Roaming/TinyTeX/texmf-dist/tex/latex/beamertheme-metropolis/beamerfontthememetropolis.sty
Package: beamerfontthememetropolis 2017/01/23 Metropolis font theme
(c:/Users/Mufasa/AppData/Roaming/TinyTeX/texmf-dist/tex/generic/iftex/ifxetex.sty
Package: ifxetex 2019/10/25 v0.7 ifxetex legacy package. Use iftex instead.
) (c:/Users/Mufasa/AppData/Roaming/TinyTeX/texmf-dist/tex/generic/iftex/ifluatex.sty
Package: ifluatex 2019/10/25 v1.5 ifluatex legacy package. Use iftex instead.
)

Package beamerthememetropolis Warning: You need to compile with XeLaTeX or LuaLaTeX to use the Fira fonts on input line 95.

)) (c:/Users/Mufasa/AppData/Roaming/TinyTeX/texmf-dist/tex/latex/parskip/parskip.sty
Package: parskip 2021-03-14 v2.0h non-zero parskip adjustments
) (c:/Users/Mufasa/AppData/Roaming/TinyTeX/texmf-dist/tex/latex/tools/longtable.sty
Package: longtable 2021-09-01 v4.17 Multi-page Table package (DPC)
\LTleft=\skip76
\LTright=\skip77
\LTpre=\skip78
\LTpost=\skip79
\LTchunksize=\count352
\LTcapwidth=\dimen309
\LT@head=\box82
\LT@firsthead=\box83
\LT@foot=\box84
\LT@lastfoot=\box85
\LT@gbox=\box86
\LT@cols=\count353
\LT@rows=\count354
\c@LT@tables=\count355
\c@LT@chunks=\count356
\LT@p@ftn=\toks51
) (c:/Users/Mufasa/AppData/Roaming/TinyTeX/texmf-dist/tex/latex/booktabs/booktabs.sty
Package: booktabs 2020/01/12 v1.61803398 Publication quality tables
\heavyrulewidth=\dimen310
\lightrulewidth=\dimen311
\cmidrulewidth=\dimen312
\belowrulesep=\dimen313
\belowbottomsep=\dimen314
\aboverulesep=\dimen315
\abovetopsep=\dimen316
\cmidrulesep=\dimen317
\cmidrulekern=\dimen318
\defaultaddspace=\dimen319
\@cmidla=\count357
\@cmidlb=\count358
\@aboverulesep=\dimen320
\@belowrulesep=\dimen321
\@thisruleclass=\count359
\@lastruleclass=\count360
\@thisrulewidth=\dimen322
) (c:/Users/Mufasa/AppData/Roaming/TinyTeX/texmf-dist/tex/latex/tools/array.sty
Package: array 2022/03/10 v2.5f Tabular extension package (FMi)
\col@sep=\dimen323
\ar@mcellbox=\box87
\extrarowheight=\dimen324
\NC@list=\toks52
\extratabsurround=\skip80
\backup@length=\skip81
\ar@cellbox=\box88
) (c:/Users/Mufasa/AppData/Roaming/TinyTeX/texmf-dist/tex/latex/caption/caption.sty
Package: caption 2022/03/01 v3.6b Customizing captions (AR)
(c:/Users/Mufasa/AppData/Roaming/TinyTeX/texmf-dist/tex/latex/caption/caption3.sty
Package: caption3 2022/03/17 v2.3b caption3 kernel (AR)
\caption@tempdima=\dimen325
\captionmargin=\dimen326
\caption@leftmargin=\dimen327
\caption@rightmargin=\dimen328
\caption@width=\dimen329
\caption@indent=\dimen330
\caption@parindent=\dimen331
\caption@hangindent=\dimen332
Package caption Info: beamer document class detected.
(c:/Users/Mufasa/AppData/Roaming/TinyTeX/texmf-dist/tex/latex/caption/caption-beamer.sto
File: caption-beamer.sto 2022/01/06 v2.0c Adaption of the caption package to the beamer document classes (AR)
))
\c@caption@flags=\count361
\c@continuedfloat=\count362
Package caption Info: hyperref package is loaded.
Package caption Info: Hyperref support is turned off
(caption)             because hyperref has stopped early.
Package caption Info: longtable package is loaded.
(c:/Users/Mufasa/AppData/Roaming/TinyTeX/texmf-dist/tex/latex/caption/ltcaption.sty
Package: ltcaption 2021/01/08 v1.4c longtable captions (AR)
))
\cslhangindent=\skip82
\csllabelwidth=\skip83
\cslentryspacingunit=\skip84

Package hyperref Warning: Token not allowed in a PDF string (Unicode):
(hyperref)                removing `\newline' on input line 127.


Package hyperref Warning: Token not allowed in a PDF string (Unicode):
(hyperref)                removing `\newline' on input line 127.

(c:/Users/Mufasa/AppData/Roaming/TinyTeX/texmf-dist/tex/latex/l3backend/l3backend-pdftex.def
File: l3backend-pdftex.def 2022-08-30 L3 backend support: PDF output (pdfTeX)
\l__color_backend_stack_int=\count363
\l__pdf_internal_box=\box89
) (./ma-presentation.aux)
\openout1 = `ma-presentation.aux'.

LaTeX Font Info:    Checking defaults for OML/cmm/m/it on input line 130.
LaTeX Font Info:    ... okay on input line 130.
LaTeX Font Info:    Checking defaults for OMS/cmsy/m/n on input line 130.
LaTeX Font Info:    ... okay on input line 130.
LaTeX Font Info:    Checking defaults for OT1/cmr/m/n on input line 130.
LaTeX Font Info:    ... okay on input line 130.
LaTeX Font Info:    Checking defaults for T1/cmr/m/n on input line 130.
LaTeX Font Info:    ... okay on input line 130.
LaTeX Font Info:    Checking defaults for TS1/cmr/m/n on input line 130.
LaTeX Font Info:    ... okay on input line 130.
LaTeX Font Info:    Checking defaults for OMX/cmex/m/n on input line 130.
LaTeX Font Info:    ... okay on input line 130.
LaTeX Font Info:    Checking defaults for U/cmr/m/n on input line 130.
LaTeX Font Info:    ... okay on input line 130.
LaTeX Font Info:    Checking defaults for PD1/pdf/m/n on input line 130.
LaTeX Font Info:    ... okay on input line 130.
LaTeX Font Info:    Checking defaults for PU/pdf/m/n on input line 130.
LaTeX Font Info:    ... okay on input line 130.
*geometry* driver: auto-detecting
*geometry* detected driver: pdftex
*geometry* verbose mode - [ preamble ] result:
* driver: pdftex
* paper: custom
* layout: <same size as paper>
* layoutoffset:(h,v)=(0.0pt,0.0pt)
* modes: includehead includefoot 
* h-part:(L,W,R)=(28.45274pt, 307.28987pt, 28.45274pt)
* v-part:(T,H,B)=(0.0pt, 273.14662pt, 0.0pt)
* \paperwidth=364.19536pt
* \paperheight=273.14662pt
* \textwidth=307.28987pt
* \textheight=244.6939pt
* \oddsidemargin=-43.81725pt
* \evensidemargin=-43.81725pt
* \topmargin=-72.26999pt
* \headheight=14.22636pt
* \headsep=0.0pt
* \topskip=11.0pt
* \footskip=14.22636pt
* \marginparwidth=4.0pt
* \marginparsep=10.0pt
* \columnsep=10.0pt
* \skip\footins=10.0pt plus 4.0pt minus 2.0pt
* \hoffset=0.0pt
* \voffset=0.0pt
* \mag=1000
* \@twocolumnfalse
* \@twosidefalse
* \@mparswitchfalse
* \@reversemarginfalse
* (1in=72.27pt=25.4mm, 1cm=28.453pt)

(c:/Users/Mufasa/AppData/Roaming/TinyTeX/texmf-dist/tex/latex/epstopdf-pkg/epstopdf-base.sty
Package: epstopdf-base 2020-01-24 v2.11 Base part for package epstopdf
Package epstopdf-base Info: Redefining graphics rule for `.eps' on input line 485.
(c:/Users/Mufasa/AppData/Roaming/TinyTeX/texmf-dist/tex/latex/latexconfig/epstopdf-sys.cfg
File: epstopdf-sys.cfg 2010/07/13 v1.3 Configuration of (r)epstopdf for TeX Live
))
Package hyperref Info: Link coloring OFF on input line 130.
(./ma-presentation.out) (./ma-presentation.out)
\@outlinefile=\write5
\openout5 = `ma-presentation.out'.

LaTeX Font Info:    Overwriting symbol font `operators' in version `normal'
(Font)                  OT1/lmr/m/n --> OT1/cmss/m/n on input line 130.
LaTeX Font Info:    Overwriting symbol font `operators' in version `bold'
(Font)                  OT1/lmr/bx/n --> OT1/cmss/b/n on input line 130.
LaTeX Font Info:    Overwriting symbol font `operators' in version `normal'
(Font)                  OT1/cmss/m/n --> OT1/lmss/m/n on input line 130.
LaTeX Font Info:    Overwriting symbol font `operators' in version `bold'
(Font)                  OT1/cmss/b/n --> OT1/lmss/b/n on input line 130.
\symnumbers=\mathgroup6
\sympureletters=\mathgroup7
LaTeX Font Info:    Overwriting math alphabet `\mathrm' in version `normal'
(Font)                  OT1/lmss/m/n --> T1/lmr/m/n on input line 130.
LaTeX Font Info:    Redeclaring math alphabet \mathbf on input line 130.
LaTeX Font Info:    Overwriting math alphabet `\mathbf' in version `normal'
(Font)                  OT1/lmr/bx/n --> T1/lmss/b/n on input line 130.
LaTeX Font Info:    Overwriting math alphabet `\mathbf' in version `bold'
(Font)                  OT1/lmr/bx/n --> T1/lmss/b/n on input line 130.
LaTeX Font Info:    Redeclaring math alphabet \mathsf on input line 130.
LaTeX Font Info:    Overwriting math alphabet `\mathsf' in version `normal'
(Font)                  OT1/lmss/m/n --> T1/lmss/m/n on input line 130.
LaTeX Font Info:    Overwriting math alphabet `\mathsf' in version `bold'
(Font)                  OT1/lmss/bx/n --> T1/lmss/m/n on input line 130.
LaTeX Font Info:    Redeclaring math alphabet \mathit on input line 130.
LaTeX Font Info:    Overwriting math alphabet `\mathit' in version `normal'
(Font)                  OT1/lmr/m/it --> T1/lmss/m/it on input line 130.
LaTeX Font Info:    Overwriting math alphabet `\mathit' in version `bold'
(Font)                  OT1/lmr/bx/it --> T1/lmss/m/it on input line 130.
LaTeX Font Info:    Redeclaring math alphabet \mathtt on input line 130.
LaTeX Font Info:    Overwriting math alphabet `\mathtt' in version `normal'
(Font)                  OT1/lmtt/m/n --> T1/lmtt/m/n on input line 130.
LaTeX Font Info:    Overwriting math alphabet `\mathtt' in version `bold'
(Font)                  OT1/lmtt/m/n --> T1/lmtt/m/n on input line 130.
LaTeX Font Info:    Overwriting symbol font `numbers' in version `bold'
(Font)                  T1/lmss/m/n --> T1/lmss/b/n on input line 130.
LaTeX Font Info:    Overwriting symbol font `pureletters' in version `bold'
(Font)                  T1/lmss/m/it --> T1/lmss/b/it on input line 130.
LaTeX Font Info:    Overwriting math alphabet `\mathrm' in version `bold'
(Font)                  OT1/lmss/b/n --> T1/lmr/b/n on input line 130.
LaTeX Font Info:    Overwriting math alphabet `\mathbf' in version `bold'
(Font)                  T1/lmss/b/n --> T1/lmss/b/n on input line 130.
LaTeX Font Info:    Overwriting math alphabet `\mathsf' in version `bold'
(Font)                  T1/lmss/m/n --> T1/lmss/b/n on input line 130.
LaTeX Font Info:    Overwriting math alphabet `\mathit' in version `bold'
(Font)                  T1/lmss/m/it --> T1/lmss/b/it on input line 130.
LaTeX Font Info:    Overwriting math alphabet `\mathtt' in version `bold'
(Font)                  T1/lmtt/m/n --> T1/lmtt/b/n on input line 130.
(c:/Users/Mufasa/AppData/Roaming/TinyTeX/texmf-dist/tex/latex/translator/translator-basic-dictionary-English.dict
Dictionary: translator-basic-dictionary, Language: English 
) (c:/Users/Mufasa/AppData/Roaming/TinyTeX/texmf-dist/tex/latex/translator/translator-bibliography-dictionary-English.dict
Dictionary: translator-bibliography-dictionary, Language: English 
) (c:/Users/Mufasa/AppData/Roaming/TinyTeX/texmf-dist/tex/latex/translator/translator-environment-dictionary-English.dict
Dictionary: translator-environment-dictionary, Language: English 
) (c:/Users/Mufasa/AppData/Roaming/TinyTeX/texmf-dist/tex/latex/translator/translator-months-dictionary-English.dict
Dictionary: translator-months-dictionary, Language: English 
) (c:/Users/Mufasa/AppData/Roaming/TinyTeX/texmf-dist/tex/latex/translator/translator-numbers-dictionary-English.dict
Dictionary: translator-numbers-dictionary, Language: English 
) (c:/Users/Mufasa/AppData/Roaming/TinyTeX/texmf-dist/tex/latex/translator/translator-theorem-dictionary-English.dict
Dictionary: translator-theorem-dictionary, Language: English 
)
Package caption Info: Begin \AtBeginDocument code.
Package caption Info: End \AtBeginDocument code.
(./ma-presentation.nav)
Overfull \vbox (44.55624pt too high) detected at line 131
 []

[1

{c:/Users/Mufasa/AppData/Roaming/TinyTeX/texmf-var/fonts/map/pdftex/updmap/pdftex.map}] (./ma-presentation.toc) [2

] [3


] [4


]
LaTeX Font Info:    Trying to load font information for OT1+lmss on input line 137.
(c:/Users/Mufasa/AppData/Roaming/TinyTeX/texmf-dist/tex/latex/lm/ot1lmss.fd
File: ot1lmss.fd 2015/05/01 v1.6.1 Font defs for Latin Modern
)
LaTeX Font Info:    Trying to load font information for OML+lmm on input line 137.
(c:/Users/Mufasa/AppData/Roaming/TinyTeX/texmf-dist/tex/latex/lm/omllmm.fd
File: omllmm.fd 2015/05/01 v1.6.1 Font defs for Latin Modern
)
LaTeX Font Info:    Trying to load font information for OMS+lmsy on input line 137.
(c:/Users/Mufasa/AppData/Roaming/TinyTeX/texmf-dist/tex/latex/lm/omslmsy.fd
File: omslmsy.fd 2015/05/01 v1.6.1 Font defs for Latin Modern
)
LaTeX Font Info:    Trying to load font information for OMX+lmex on input line 137.
(c:/Users/Mufasa/AppData/Roaming/TinyTeX/texmf-dist/tex/latex/lm/omxlmex.fd
File: omxlmex.fd 2015/05/01 v1.6.1 Font defs for Latin Modern
)
LaTeX Font Info:    External font `lmex10' loaded for size
(Font)              <10.95> on input line 137.
LaTeX Font Info:    External font `lmex10' loaded for size
(Font)              <8> on input line 137.
LaTeX Font Info:    External font `lmex10' loaded for size
(Font)              <6> on input line 137.
LaTeX Font Info:    Trying to load font information for U+msa on input line 137.
(c:/Users/Mufasa/AppData/Roaming/TinyTeX/texmf-dist/tex/latex/amsfonts/umsa.fd
File: umsa.fd 2013/01/14 v3.01 AMS symbols A
)
LaTeX Font Info:    Trying to load font information for U+msb on input line 137.
(c:/Users/Mufasa/AppData/Roaming/TinyTeX/texmf-dist/tex/latex/amsfonts/umsb.fd
File: umsb.fd 2013/01/14 v3.01 AMS symbols B
)
LaTeX Font Info:    Font shape `T1/lmss/m/it' in size <10.95> not available
(Font)              Font shape `T1/lmss/m/sl' tried instead on input line 137.
LaTeX Font Info:    Font shape `T1/lmss/m/it' in size <8> not available
(Font)              Font shape `T1/lmss/m/sl' tried instead on input line 137.
LaTeX Font Info:    Font shape `T1/lmss/m/it' in size <6> not available
(Font)              Font shape `T1/lmss/m/sl' tried instead on input line 137.
[5

]
LaTeX Font Info:    Trying to load font information for TS1+lmss on input line 154.
(c:/Users/Mufasa/AppData/Roaming/TinyTeX/texmf-dist/tex/latex/lm/ts1lmss.fd
File: ts1lmss.fd 2015/05/01 v1.6.1 Font defs for Latin Modern
) [6

]
<../figures/cross-degree.jpg, id=152, 343.2825pt x 367.6134pt>
File: ../figures/cross-degree.jpg Graphic file (type jpg)
<use ../figures/cross-degree.jpg>
Package pdftex.def Info: ../figures/cross-degree.jpg  used on input line 180.
(pdftex.def)             Requested size: 153.64493pt x 164.53261pt.

Overfull \vbox (227.21213pt too high) detected at line 180
 []

[7

 <../figures/cross-degree.jpg>]
<../figures/early-warning-signals.jpg, id=161, 343.0416pt x 125.268pt>
File: ../figures/early-warning-signals.jpg Graphic file (type jpg)
<use ../figures/early-warning-signals.jpg>
Package pdftex.def Info: ../figures/early-warning-signals.jpg  used on input line 192.
(pdftex.def)             Requested size: 230.46739pt x 84.1604pt.

Overfull \vbox (93.41345pt too high) detected at line 192
 []

[8

 <../figures/Early-warning-signals.jpg>] [9

] [10

] [11

]
<ma-presentation_files/figure-beamer/CAB-1.pdf, id=187, 722.7pt x 505.89pt>
File: ma-presentation_files/figure-beamer/CAB-1.pdf Graphic file (type pdf)
<use ma-presentation_files/figure-beamer/CAB-1.pdf>
Package pdftex.def Info: ma-presentation_files/figure-beamer/CAB-1.pdf  used on input line 241.
(pdftex.def)             Requested size: 153.64493pt x 107.55229pt.
[12

 <./ma-presentation_files/figure-beamer/CAB-1.pdf>]
<ma-presentation_files/figure-beamer/mean-sd-precip-1.pdf, id=201, 722.7pt x 505.89pt>
File: ma-presentation_files/figure-beamer/mean-sd-precip-1.pdf Graphic file (type pdf)
<use ma-presentation_files/figure-beamer/mean-sd-precip-1.pdf>
Package pdftex.def Info: ma-presentation_files/figure-beamer/mean-sd-precip-1.pdf  used on input line 253.
(pdftex.def)             Requested size: 153.64493pt x 107.55229pt.
[13

 <./ma-presentation_files/figure-beamer/mean-sd-precip-1.pdf>]
<ma-presentation_files/figure-beamer/glyph-scale-1.pdf, id=219, 722.7pt x 505.89pt>
File: ma-presentation_files/figure-beamer/glyph-scale-1.pdf Graphic file (type pdf)
<use ma-presentation_files/figure-beamer/glyph-scale-1.pdf>
Package pdftex.def Info: ma-presentation_files/figure-beamer/glyph-scale-1.pdf  used on input line 265.
(pdftex.def)             Requested size: 230.46739pt x 161.32458pt.

Overfull \vbox (18.77844pt too high) detected at line 265
 []

[14

 <./ma-presentation_files/figure-beamer/glyph-scale-1.pdf>]
<ma-presentation_files/figure-beamer/mean-and-sd-sst-og-1.pdf, id=236, 722.7pt x 505.89pt>
File: ma-presentation_files/figure-beamer/mean-and-sd-sst-og-1.pdf Graphic file (type pdf)
<use ma-presentation_files/figure-beamer/mean-and-sd-sst-og-1.pdf>
Package pdftex.def Info: ma-presentation_files/figure-beamer/mean-and-sd-sst-og-1.pdf  used on input line 277.
(pdftex.def)             Requested size: 153.64493pt x 107.55229pt.
[15

 <./ma-presentation_files/figure-beamer/mean-and-sd-sst-og-1.pdf>] [16

] [17

]
<../pres-plots/og-data/corr-0.jpg, id=265, 1994.45125pt x 971.63pt>
File: ../pres-plots/og-data/corr-0.jpg Graphic file (type jpg)
<use ../pres-plots/og-data/corr-0.jpg>
Package pdftex.def Info: ../pres-plots/og-data/corr-0.jpg  used on input line 312.
(pdftex.def)             Requested size: 199.7307pt x 159.39282pt.
[18

 <../pres-plots/og-data/corr-0.jpg>]
<../pres-plots/og-data/q-corr-0.jpg, id=273, 1994.45125pt x 971.63pt>
File: ../pres-plots/og-data/q-corr-0.jpg Graphic file (type jpg)
<use ../pres-plots/og-data/q-corr-0.jpg>
Package pdftex.def Info: ../pres-plots/og-data/q-corr-0.jpg  used on input line 324.
(pdftex.def)             Requested size: 199.7307pt x 159.39282pt.
[19

 <../pres-plots/og-data/q-corr-0.jpg>]
<../pres-plots/des-data/corr-0.jpg, id=282, 1994.45125pt x 971.63pt>
File: ../pres-plots/des-data/corr-0.jpg Graphic file (type jpg)
<use ../pres-plots/des-data/corr-0.jpg>
Package pdftex.def Info: ../pres-plots/des-data/corr-0.jpg  used on input line 336.
(pdftex.def)             Requested size: 199.7307pt x 159.39282pt.
[20

 <../pres-plots/des-data/corr-0.jpg>]
<../pres-plots/des-data/q-corr-0.jpg, id=290, 1994.45125pt x 971.63pt>
File: ../pres-plots/des-data/q-corr-0.jpg Graphic file (type jpg)
<use ../pres-plots/des-data/q-corr-0.jpg>
Package pdftex.def Info: ../pres-plots/des-data/q-corr-0.jpg  used on input line 348.
(pdftex.def)             Requested size: 199.7307pt x 159.39282pt.
[21

 <../pres-plots/des-data/q-corr-0.jpg>] [22

]
Overfull \vbox (123.26202pt too high) detected at line 384
 []

[23

]
Overfull \hbox (42.77094pt too wide) detected at line 417
[]\T1/lmss/m/sl/10.95 W\OT1/lmss/m/n/10.95 (\T1/lmss/m/sl/10.95 C\OT1/lmss/m/n/10.95 ) = [] [] [] [] \OMS/lmsy/m/n/10.95 jj\T1/lmss/m/sl/10.95 x[] \OMS/lmsy/m/n/10.95 ^^@ \T1/lmss/m/sl/10.95 x[]\OMS/lmsy/m/n/10.95 jj[] \OT1/lmss/m/n/10.95 = [] \T1/lmss/m/sl/10.95 N[] [] \OMS/lmsy/m/n/10.95 jj\T1/lmss/m/sl/10.95 x[] \OMS/lmsy/m/n/10.95 ^^@ []jj[]\OT1/lmss/m/n/10.95 (#\T1/lmss/m/sl/10.95 eq \OT1/lmss/m/n/10.95 : \T1/lmss/m/sl/10.95 wss\OT1/lmss/m/n/10.95 )
 []

LaTeX Font Info:    External font `lmex10' loaded for size
(Font)              <12> on input line 417.
LaTeX Font Info:    Font shape `T1/lmss/m/it' in size <12> not available
(Font)              Font shape `T1/lmss/m/sl' tried instead on input line 417.

Overfull \vbox (44.89395pt too high) detected at line 417
 []

[24

]
Overfull \vbox (11.87074pt too high) detected at line 455
 []

[25

] [26

]
<ma-presentation_files/figure-beamer/unnamed-chunk-10-1.pdf, id=337, 722.7pt x 505.89pt>
File: ma-presentation_files/figure-beamer/unnamed-chunk-10-1.pdf Graphic file (type pdf)
<use ma-presentation_files/figure-beamer/unnamed-chunk-10-1.pdf>
Package pdftex.def Info: ma-presentation_files/figure-beamer/unnamed-chunk-10-1.pdf  used on input line 474.
(pdftex.def)             Requested size: 230.46739pt x 161.32458pt.
[27

 <./ma-presentation_files/figure-beamer/unnamed-chunk-10-1.pdf>] [28

]
<ma-presentation_files/figure-beamer/unnamed-chunk-11-1.pdf, id=355, 722.7pt x 505.89pt>
File: ma-presentation_files/figure-beamer/unnamed-chunk-11-1.pdf Graphic file (type pdf)
<use ma-presentation_files/figure-beamer/unnamed-chunk-11-1.pdf>
Package pdftex.def Info: ma-presentation_files/figure-beamer/unnamed-chunk-11-1.pdf  used on input line 505.
(pdftex.def)             Requested size: 230.46739pt x 161.32458pt.

Overfull \vbox (34.57837pt too high) detected at line 505
 []

[29

 <./ma-presentation_files/figure-beamer/unnamed-chunk-11-1.pdf>]
<ma-presentation_files/figure-beamer/cluster-map-1.pdf, id=367, 722.7pt x 505.89pt>
File: ma-presentation_files/figure-beamer/cluster-map-1.pdf Graphic file (type pdf)
<use ma-presentation_files/figure-beamer/cluster-map-1.pdf>
Package pdftex.def Info: ma-presentation_files/figure-beamer/cluster-map-1.pdf  used on input line 532.
(pdftex.def)             Requested size: 153.64493pt x 107.55229pt.

Overfull \vbox (85.25475pt too high) detected at line 532
 []

[30

 <./ma-presentation_files/figure-beamer/cluster-map-1.pdf>] [31

]
Overfull \hbox (13.2279pt too wide) detected at line 559
[][] [] [] \T1/lmss/m/sl/10.95 w[]l\OT1/lmss/m/n/10.95 (\T1/lmss/m/sl/10.95 y[]\OML/lmm/m/it/10.95 ; ^^L[] \OT1/lmss/m/n/10.95 + \OML/lmm/m/it/10.95 ^^L[]\T1/lmss/m/sl/10.95 x[]\OT1/lmss/m/n/10.95 ) + \OML/lmm/m/it/10.95 ^^U\OT1/lmss/m/n/10.95 [(\T1/lmss/m/n/10.95 1 \OMS/lmsy/m/n/10.95 ^^@ \OML/lmm/m/it/10.95 \OT1/lmss/m/n/10.95 )\OMS/lmsy/m/n/10.95 jj\OML/lmm/m/it/10.95 ^^L\OMS/lmsy/m/n/10.95 jj[]\OML/lmm/m/it/10.95 =\T1/lmss/m/n/10.95 2 \OT1/lmss/m/n/10.95 + \OML/lmm/m/it/10.95 \OMS/lmsy/m/n/10.95 jj\OML/lmm/m/it/10.95 ^^L\OMS/lmsy/m/n/10.95 jj[]\OT1/lmss/m/n/10.95 ](#\T1/lmss/m/sl/10.95 eq \OT1/lmss/m/n/10.95 : \T1/lmss/m/sl/10.95 glmnet\OT1/lmss/m/n/10.95 )
 []

[32

] [33

]
<../thesis/validation-schemes.png, id=400, 931.48pt x 710.655pt>
File: ../thesis/validation-schemes.png Graphic file (type png)
<use ../thesis/validation-schemes.png>
Package pdftex.def Info: ../thesis/validation-schemes.png  used on input line 583.
(pdftex.def)             Requested size: 230.46739pt x 175.83072pt.
<../thesis/blocked-cv.png, id=402, 455.45157pt x 289.08pt>
File: ../thesis/blocked-cv.png Graphic file (type png)
<use ../thesis/blocked-cv.png>
Package pdftex.def Info: ../thesis/blocked-cv.png  used on input line 583.
(pdftex.def)             Requested size: 230.46739pt x 146.28198pt.

Overfull \vbox (118.16687pt too high) detected at line 583
 []

[34

 <../thesis/validation-schemes.png> <../thesis/blocked-cv.png>] [35

] [36

] [37

] [38

]
<ma-presentation_files/figure-beamer/unnamed-chunk-16-1.pdf, id=435, 722.7pt x 505.89pt>
File: ma-presentation_files/figure-beamer/unnamed-chunk-16-1.pdf Graphic file (type pdf)
<use ma-presentation_files/figure-beamer/unnamed-chunk-16-1.pdf>
Package pdftex.def Info: ma-presentation_files/figure-beamer/unnamed-chunk-16-1.pdf  used on input line 649.
(pdftex.def)             Requested size: 230.46739pt x 161.32458pt.
[39

 <./ma-presentation_files/figure-beamer/unnamed-chunk-16-1.pdf>]
<ma-presentation_files/figure-beamer/pred-plot-fold-lasso-stand-1.pdf, id=449, 722.7pt x 505.89pt>
File: ma-presentation_files/figure-beamer/pred-plot-fold-lasso-stand-1.pdf Graphic file (type pdf)
<use ma-presentation_files/figure-beamer/pred-plot-fold-lasso-stand-1.pdf>
Package pdftex.def Info: ma-presentation_files/figure-beamer/pred-plot-fold-lasso-stand-1.pdf  used on input line 661.
(pdftex.def)             Requested size: 230.46739pt x 161.32458pt.
[40

 <./ma-presentation_files/figure-beamer/pred-plot-fold-lasso-stand-1.pdf>] [41

]
\openout4 = `ma-presentation.vrb'.

(./ma-presentation.vrb
<ma-presentation_files/figure-beamer/pred-plot-full-lasso-stand-1.pdf, id=468, 722.7pt x 505.89pt>
File: ma-presentation_files/figure-beamer/pred-plot-full-lasso-stand-1.pdf Graphic file (type pdf)
<use ma-presentation_files/figure-beamer/pred-plot-full-lasso-stand-1.pdf>
Package pdftex.def Info: ma-presentation_files/figure-beamer/pred-plot-full-lasso-stand-1.pdf  used on input line 4.
(pdftex.def)             Requested size: 230.46739pt x 161.32458pt.
LaTeX Font Info:    Trying to load font information for T1+lmtt on input line 11.
(c:/Users/Mufasa/AppData/Roaming/TinyTeX/texmf-dist/tex/latex/lm/t1lmtt.fd
File: t1lmtt.fd 2015/05/01 v1.6.1 Font defs for Latin Modern
))
Overfull \vbox (42.13086pt too high) detected at line 680
 []

[42

 <./ma-presentation_files/figure-beamer/pred-plot-full-lasso-stand-1.pdf>]
<ma-presentation_files/figure-beamer/coef-plot-full-lasso-stand-1.pdf, id=481, 722.7pt x 505.89pt>
File: ma-presentation_files/figure-beamer/coef-plot-full-lasso-stand-1.pdf Graphic file (type pdf)
<use ma-presentation_files/figure-beamer/coef-plot-full-lasso-stand-1.pdf>
Package pdftex.def Info: ma-presentation_files/figure-beamer/coef-plot-full-lasso-stand-1.pdf  used on input line 692.
(pdftex.def)             Requested size: 230.46739pt x 161.32458pt.
[43

 <./ma-presentation_files/figure-beamer/coef-plot-full-lasso-stand-1.pdf>] [44

] [45

]
<ma-presentation_files/figure-beamer/cluster-map2-1.pdf, id=506, 722.7pt x 505.89pt>
File: ma-presentation_files/figure-beamer/cluster-map2-1.pdf Graphic file (type pdf)
<use ma-presentation_files/figure-beamer/cluster-map2-1.pdf>
Package pdftex.def Info: ma-presentation_files/figure-beamer/cluster-map2-1.pdf  used on input line 714.
(pdftex.def)             Requested size: 153.64493pt x 107.55229pt.
[46

 <./ma-presentation_files/figure-beamer/cluster-map2-1.pdf>]
<ma-presentation_files/figure-beamer/unnamed-chunk-20-1.pdf, id=519, 722.7pt x 505.89pt>
File: ma-presentation_files/figure-beamer/unnamed-chunk-20-1.pdf Graphic file (type pdf)
<use ma-presentation_files/figure-beamer/unnamed-chunk-20-1.pdf>
Package pdftex.def Info: ma-presentation_files/figure-beamer/unnamed-chunk-20-1.pdf  used on input line 719.
(pdftex.def)             Requested size: 230.46739pt x 161.32458pt.
[47

 <./ma-presentation_files/figure-beamer/unnamed-chunk-20-1.pdf>] [48

]
Overfull \vbox (100.05263pt too high) detected at line 780
 []

[49

] [50

]
Overfull \hbox (25.32175pt too wide) detected at line 815
[][] \T1/lmss/m/n/10.95 1\OML/lmm/m/it/10.95 =\T1/lmss/m/n/10.95 2 []\OT1/lmss/m/n/10.95 (\T1/lmss/m/sl/10.95 y[] \OMS/lmsy/m/n/10.95 ^^@ \T1/lmss/m/sl/10.95 x[]\OML/lmm/m/it/10.95 ^^L[]\OT1/lmss/m/n/10.95 )[] + \OML/lmm/m/it/10.95 ^^U [] \OMS/lmsy/m/n/10.95 j\OML/lmm/m/it/10.95 ^^L[] \OMS/lmsy/m/n/10.95 ^^@ \OML/lmm/m/it/10.95 ^^L[]\OMS/lmsy/m/n/10.95 j \OT1/lmss/m/n/10.95 + \OML/lmm/m/it/10.95 ^^M \OMS/lmsy/m/n/10.95 ^^A \OML/lmm/m/it/10.95 ^^U [] \OMS/lmsy/m/n/10.95 j\OML/lmm/m/it/10.95 ^^L[]\OMS/lmsy/m/n/10.95 j\OML/lmm/m/it/10.95 ; \OT1/lmss/m/n/10.95 (#\T1/lmss/m/sl/10.95 eq \OT1/lmss/m/n/10.95 : \T1/lmss/m/sl/10.95 fused \OMS/lmsy/m/n/10.95 ^^@ \T1/lmss/m/sl/10.95 lasso\OT1/lmss/m/n/10.95 )
 []


Overfull \vbox (23.0593pt too high) detected at line 815
 []

[51

] [52

] [53

]
\openout4 = `ma-presentation.vrb'.

(./ma-presentation.vrb
<ma-presentation_files/figure-beamer/graph-plot2-1.pdf, id=570, 722.7pt x 505.89pt>
File: ma-presentation_files/figure-beamer/graph-plot2-1.pdf Graphic file (type pdf)
<use ma-presentation_files/figure-beamer/graph-plot2-1.pdf>
Package pdftex.def Info: ma-presentation_files/figure-beamer/graph-plot2-1.pdf  used on input line 15.
(pdftex.def)             Requested size: 230.46739pt x 161.32458pt.
)
Overfull \vbox (55.6675pt too high) detected at line 904
 []

[54

 <./ma-presentation_files/figure-beamer/graph-plot2-1.pdf>] [55

] [56

]
<err-line-plot-noclust.png, id=595, 505.89pt x 505.89pt>
File: err-line-plot-noclust.png Graphic file (type png)
<use err-line-plot-noclust.png>
Package pdftex.def Info: err-line-plot-noclust.png  used on input line 940.
(pdftex.def)             Requested size: 230.46739pt x 230.47363pt.

Overfull \vbox (18.7278pt too high) detected at line 940
 []

[57

 <./err-line-plot-noclust.png>]
<../results/CV-fused/noclust-large-fused-5k/best-lambda-res-noclust.png, id=602, 505.89pt x 505.89pt>
File: ../results/CV-fused/noclust-large-fused-5k/best-lambda-res-noclust.png Graphic file (type png)
<use ../results/CV-fused/noclust-large-fused-5k/best-lambda-res-noclust.png>
Package pdftex.def Info: ../results/CV-fused/noclust-large-fused-5k/best-lambda-res-noclust.png  used on input line 945.
(pdftex.def)             Requested size: 230.46739pt x 230.47363pt.

Overfull \vbox (18.7278pt too high) detected at line 945
 []

[58

 <../results/CV-fused/noclust-large-fused-5k/best-lambda-res-noclust.png>]
<ma-presentation_files/figure-beamer/pred-fold-fused-og-1.pdf, id=609, 722.7pt x 505.89pt>
File: ma-presentation_files/figure-beamer/pred-fold-fused-og-1.pdf Graphic file (type pdf)
<use ma-presentation_files/figure-beamer/pred-fold-fused-og-1.pdf>
Package pdftex.def Info: ma-presentation_files/figure-beamer/pred-fold-fused-og-1.pdf  used on input line 957.
(pdftex.def)             Requested size: 230.46739pt x 161.32458pt.
[59

 <./ma-presentation_files/figure-beamer/pred-fold-fused-og-1.pdf>] [60

]
\openout4 = `ma-presentation.vrb'.

(./ma-presentation.vrb
<ma-presentation_files/figure-beamer/pred-plot-full-fused-og-1.pdf, id=628, 722.7pt x 505.89pt>
File: ma-presentation_files/figure-beamer/pred-plot-full-fused-og-1.pdf Graphic file (type pdf)
<use ma-presentation_files/figure-beamer/pred-plot-full-fused-og-1.pdf>
Package pdftex.def Info: ma-presentation_files/figure-beamer/pred-plot-full-fused-og-1.pdf  used on input line 5.
(pdftex.def)             Requested size: 230.46739pt x 161.32458pt.
)
Overfull \vbox (42.13086pt too high) detected at line 980
 []

[61

 <./ma-presentation_files/figure-beamer/pred-plot-full-fused-og-1.pdf>]
<../results/CV-fused/noclust-large-fused-5k/coef-plots/coef-plot-full.png, id=642, 505.89pt x 505.89pt>
File: ../results/CV-fused/noclust-large-fused-5k/coef-plots/coef-plot-full.png Graphic file (type png)
<use ../results/CV-fused/noclust-large-fused-5k/coef-plots/coef-plot-full.png>
Package pdftex.def Info: ../results/CV-fused/noclust-large-fused-5k/coef-plots/coef-plot-full.png  used on input line 985.
(pdftex.def)             Requested size: 230.46739pt x 230.47363pt.

Overfull \vbox (18.7278pt too high) detected at line 985
 []

[62

 <../results/CV-fused/noclust-large-fused-5k/coef-plots/coef-plot-full.png>]
<../results/CV-fused/noclust-large-fused-5k/coef-plots/coef-plot-drop-out-full1.png, id=649, 505.89pt x 505.89pt>
File: ../results/CV-fused/noclust-large-fused-5k/coef-plots/coef-plot-drop-out-full1.png Graphic file (type png)
<use ../results/CV-fused/noclust-large-fused-5k/coef-plots/coef-plot-drop-out-full1.png>
Package pdftex.def Info: ../results/CV-fused/noclust-large-fused-5k/coef-plots/coef-plot-drop-out-full1.png  used on input line 990.
(pdftex.def)             Requested size: 230.46739pt x 230.47363pt.

Overfull \vbox (18.7278pt too high) detected at line 990
 []

[63

 <../results/CV-fused/noclust-large-fused-5k/coef-plots/coef-plot-drop-out-full1.png>]
<../results/CV-fused/noclust-large-fused-5k/coef-plots/coef-plot-drop-out-full2.png, id=656, 505.89pt x 505.89pt>
File: ../results/CV-fused/noclust-large-fused-5k/coef-plots/coef-plot-drop-out-full2.png Graphic file (type png)
<use ../results/CV-fused/noclust-large-fused-5k/coef-plots/coef-plot-drop-out-full2.png>
Package pdftex.def Info: ../results/CV-fused/noclust-large-fused-5k/coef-plots/coef-plot-drop-out-full2.png  used on input line 995.
(pdftex.def)             Requested size: 230.46739pt x 230.47363pt.

Overfull \vbox (18.7278pt too high) detected at line 995
 []

[64

 <../results/CV-fused/noclust-large-fused-5k/coef-plots/coef-plot-drop-out-full2.png>] [65

]
Overfull \vbox (6.21309pt too high) detected at line 1035
 []

[66

] [67

] [68

] [69

] [70

] [71

] [72

] [73

] [74

]
<ma-presentation_files/figure-beamer/unnamed-chunk-34-1.pdf, id=723, 722.7pt x 505.89pt>
File: ma-presentation_files/figure-beamer/unnamed-chunk-34-1.pdf Graphic file (type pdf)
<use ma-presentation_files/figure-beamer/unnamed-chunk-34-1.pdf>
Package pdftex.def Info: ma-presentation_files/figure-beamer/unnamed-chunk-34-1.pdf  used on input line 1160.
(pdftex.def)             Requested size: 230.46739pt x 161.32458pt.
[75

 <./ma-presentation_files/figure-beamer/unnamed-chunk-34-1.pdf>]
<ma-presentation_files/figure-beamer/pred-plot-fold-lasso-og-1.pdf, id=737, 722.7pt x 505.89pt>
File: ma-presentation_files/figure-beamer/pred-plot-fold-lasso-og-1.pdf Graphic file (type pdf)
<use ma-presentation_files/figure-beamer/pred-plot-fold-lasso-og-1.pdf>
Package pdftex.def Info: ma-presentation_files/figure-beamer/pred-plot-fold-lasso-og-1.pdf  used on input line 1173.
(pdftex.def)             Requested size: 230.46739pt x 161.32458pt.
[76

 <./ma-presentation_files/figure-beamer/pred-plot-fold-lasso-og-1.pdf>]
\openout4 = `ma-presentation.vrb'.

(./ma-presentation.vrb
<ma-presentation_files/figure-beamer/pred-plot-full-lasso-og-1.pdf, id=750, 722.7pt x 505.89pt>
File: ma-presentation_files/figure-beamer/pred-plot-full-lasso-og-1.pdf Graphic file (type pdf)
<use ma-presentation_files/figure-beamer/pred-plot-full-lasso-og-1.pdf>
Package pdftex.def Info: ma-presentation_files/figure-beamer/pred-plot-full-lasso-og-1.pdf  used on input line 5.
(pdftex.def)             Requested size: 230.46739pt x 161.32458pt.
)
Overfull \vbox (42.13086pt too high) detected at line 1190
 []

[77

 <./ma-presentation_files/figure-beamer/pred-plot-full-lasso-og-1.pdf>]
<ma-presentation_files/figure-beamer/coef-plot-full-lasso-og-1.pdf, id=763, 722.7pt x 505.89pt>
File: ma-presentation_files/figure-beamer/coef-plot-full-lasso-og-1.pdf Graphic file (type pdf)
<use ma-presentation_files/figure-beamer/coef-plot-full-lasso-og-1.pdf>
Package pdftex.def Info: ma-presentation_files/figure-beamer/coef-plot-full-lasso-og-1.pdf  used on input line 1202.
(pdftex.def)             Requested size: 230.46739pt x 161.32458pt.
[78

 <./ma-presentation_files/figure-beamer/coef-plot-full-lasso-og-1.pdf>] [79

]
<ma-presentation_files/figure-beamer/unnamed-chunk-38-1.pdf, id=783, 722.7pt x 505.89pt>
File: ma-presentation_files/figure-beamer/unnamed-chunk-38-1.pdf Graphic file (type pdf)
<use ma-presentation_files/figure-beamer/unnamed-chunk-38-1.pdf>
Package pdftex.def Info: ma-presentation_files/figure-beamer/unnamed-chunk-38-1.pdf  used on input line 1211.
(pdftex.def)             Requested size: 230.46739pt x 161.32458pt.
[80

 <./ma-presentation_files/figure-beamer/unnamed-chunk-38-1.pdf>]
<ma-presentation_files/figure-beamer/pred-plot-fold-lasso-diff-1.pdf, id=797, 722.7pt x 505.89pt>
File: ma-presentation_files/figure-beamer/pred-plot-fold-lasso-diff-1.pdf Graphic file (type pdf)
<use ma-presentation_files/figure-beamer/pred-plot-fold-lasso-diff-1.pdf>
Package pdftex.def Info: ma-presentation_files/figure-beamer/pred-plot-fold-lasso-diff-1.pdf  used on input line 1224.
(pdftex.def)             Requested size: 230.46739pt x 161.32458pt.
[81

 <./ma-presentation_files/figure-beamer/pred-plot-fold-lasso-diff-1.pdf>]
\openout4 = `ma-presentation.vrb'.

(./ma-presentation.vrb
<ma-presentation_files/figure-beamer/pred-plot-full-lasso-diff-1.pdf, id=810, 722.7pt x 505.89pt>
File: ma-presentation_files/figure-beamer/pred-plot-full-lasso-diff-1.pdf Graphic file (type pdf)
<use ma-presentation_files/figure-beamer/pred-plot-full-lasso-diff-1.pdf>
Package pdftex.def Info: ma-presentation_files/figure-beamer/pred-plot-full-lasso-diff-1.pdf  used on input line 5.
(pdftex.def)             Requested size: 230.46739pt x 161.32458pt.
)
Overfull \vbox (42.13086pt too high) detected at line 1241
 []

[82

 <./ma-presentation_files/figure-beamer/pred-plot-full-lasso-diff-1.pdf>]
<ma-presentation_files/figure-beamer/coef-plot-full-lasso-diff-1.pdf, id=823, 722.7pt x 505.89pt>
File: ma-presentation_files/figure-beamer/coef-plot-full-lasso-diff-1.pdf Graphic file (type pdf)
<use ma-presentation_files/figure-beamer/coef-plot-full-lasso-diff-1.pdf>
Package pdftex.def Info: ma-presentation_files/figure-beamer/coef-plot-full-lasso-diff-1.pdf  used on input line 1253.
(pdftex.def)             Requested size: 230.46739pt x 161.32458pt.
[83

 <./ma-presentation_files/figure-beamer/coef-plot-full-lasso-diff-1.pdf>] [84

] [85

]
<ma-presentation_files/figure-beamer/unnamed-chunk-42-1.pdf, id=850, 722.7pt x 505.89pt>
File: ma-presentation_files/figure-beamer/unnamed-chunk-42-1.pdf Graphic file (type pdf)
<use ma-presentation_files/figure-beamer/unnamed-chunk-42-1.pdf>
Package pdftex.def Info: ma-presentation_files/figure-beamer/unnamed-chunk-42-1.pdf  used on input line 1286.
(pdftex.def)             Requested size: 230.46739pt x 161.32458pt.
[86

 <./ma-presentation_files/figure-beamer/unnamed-chunk-42-1.pdf>]
<ma-presentation_files/figure-beamer/pred-plot-fold-lasso-des-1.pdf, id=864, 722.7pt x 505.89pt>
File: ma-presentation_files/figure-beamer/pred-plot-fold-lasso-des-1.pdf Graphic file (type pdf)
<use ma-presentation_files/figure-beamer/pred-plot-fold-lasso-des-1.pdf>
Package pdftex.def Info: ma-presentation_files/figure-beamer/pred-plot-fold-lasso-des-1.pdf  used on input line 1299.
(pdftex.def)             Requested size: 230.46739pt x 161.32458pt.
[87

 <./ma-presentation_files/figure-beamer/pred-plot-fold-lasso-des-1.pdf>]
\openout4 = `ma-presentation.vrb'.

(./ma-presentation.vrb
<ma-presentation_files/figure-beamer/pred-plot-full-lasso-des-1.pdf, id=877, 722.7pt x 505.89pt>
File: ma-presentation_files/figure-beamer/pred-plot-full-lasso-des-1.pdf Graphic file (type pdf)
<use ma-presentation_files/figure-beamer/pred-plot-full-lasso-des-1.pdf>
Package pdftex.def Info: ma-presentation_files/figure-beamer/pred-plot-full-lasso-des-1.pdf  used on input line 5.
(pdftex.def)             Requested size: 230.46739pt x 161.32458pt.
)
Overfull \vbox (42.13086pt too high) detected at line 1316
 []

[88

 <./ma-presentation_files/figure-beamer/pred-plot-full-lasso-des-1.pdf>]
<ma-presentation_files/figure-beamer/coef-plot-full-lasso-des-1.pdf, id=890, 722.7pt x 505.89pt>
File: ma-presentation_files/figure-beamer/coef-plot-full-lasso-des-1.pdf Graphic file (type pdf)
<use ma-presentation_files/figure-beamer/coef-plot-full-lasso-des-1.pdf>
Package pdftex.def Info: ma-presentation_files/figure-beamer/coef-plot-full-lasso-des-1.pdf  used on input line 1328.
(pdftex.def)             Requested size: 230.46739pt x 161.32458pt.
[89

 <./ma-presentation_files/figure-beamer/coef-plot-full-lasso-des-1.pdf>] [90

]
<../results/CV-fused/large-fused-5k/best-lambda-res.png, id=909, 505.89pt x 505.89pt>
File: ../results/CV-fused/large-fused-5k/best-lambda-res.png Graphic file (type png)
<use ../results/CV-fused/large-fused-5k/best-lambda-res.png>
Package pdftex.def Info: ../results/CV-fused/large-fused-5k/best-lambda-res.png  used on input line 1337.
(pdftex.def)             Requested size: 138.2795pt x 138.28264pt.
[91

 <../results/CV-fused/large-fused-5k/best-lambda-res.png>]
<ma-presentation_files/figure-beamer/pred-fold-fused-sub-1.pdf, id=917, 722.7pt x 505.89pt>
File: ma-presentation_files/figure-beamer/pred-fold-fused-sub-1.pdf Graphic file (type pdf)
<use ma-presentation_files/figure-beamer/pred-fold-fused-sub-1.pdf>
Package pdftex.def Info: ma-presentation_files/figure-beamer/pred-fold-fused-sub-1.pdf  used on input line 1355.
(pdftex.def)             Requested size: 230.46739pt x 161.32458pt.

LaTeX Warning: Reference `(' on page 92 undefined on input line 1355.


Overfull \vbox (63.27577pt too high) detected at line 1355
 []

[92

 <./ma-presentation_files/figure-beamer/pred-fold-fused-sub-1.pdf>]
\openout4 = `ma-presentation.vrb'.

(./ma-presentation.vrb
<ma-presentation_files/figure-beamer/pred-plot-full-fused-sub-1.pdf, id=932, 722.7pt x 505.89pt>
File: ma-presentation_files/figure-beamer/pred-plot-full-fused-sub-1.pdf Graphic file (type pdf)
<use ma-presentation_files/figure-beamer/pred-plot-full-fused-sub-1.pdf>
Package pdftex.def Info: ma-presentation_files/figure-beamer/pred-plot-full-fused-sub-1.pdf  used on input line 5.
(pdftex.def)             Requested size: 230.46739pt x 161.32458pt.
)
Overfull \vbox (42.13086pt too high) detected at line 1372
 []

[93

 <./ma-presentation_files/figure-beamer/pred-plot-full-fused-sub-1.pdf>]
<../results/CV-fused/large-fused-5k/coef-plots/coef-plot-full.png, id=945, 505.89pt x 505.89pt>
File: ../results/CV-fused/large-fused-5k/coef-plots/coef-plot-full.png Graphic file (type png)
<use ../results/CV-fused/large-fused-5k/coef-plots/coef-plot-full.png>
Package pdftex.def Info: ../results/CV-fused/large-fused-5k/coef-plots/coef-plot-full.png  used on input line 1382.
(pdftex.def)             Requested size: 230.46739pt x 230.47363pt.
<../results/CV-fused/large-fused-5k/coef-plots/coef-plot-drop-out-full1.png, id=946, 505.89pt x 505.89pt>
File: ../results/CV-fused/large-fused-5k/coef-plots/coef-plot-drop-out-full1.png Graphic file (type png)
<use ../results/CV-fused/large-fused-5k/coef-plots/coef-plot-drop-out-full1.png>
Package pdftex.def Info: ../results/CV-fused/large-fused-5k/coef-plots/coef-plot-drop-out-full1.png  used on input line 1382.
(pdftex.def)             Requested size: 230.46739pt x 230.47363pt.
<../results/CV-fused/large-fused-5k/coef-plots/coef-plot-drop-out-full2.png, id=947, 505.89pt x 505.89pt>
File: ../results/CV-fused/large-fused-5k/coef-plots/coef-plot-drop-out-full2.png Graphic file (type png)
<use ../results/CV-fused/large-fused-5k/coef-plots/coef-plot-drop-out-full2.png>
Package pdftex.def Info: ../results/CV-fused/large-fused-5k/coef-plots/coef-plot-drop-out-full2.png  used on input line 1382.
(pdftex.def)             Requested size: 230.46739pt x 230.47363pt.

Overfull \vbox (511.37498pt too high) detected at line 1382
 []

[94

 <../results/CV-fused/large-fused-5k/coef-plots/coef-plot-full.png> <../results/CV-fused/large-fused-5k/coef-plots/coef-plot-drop-out-full1.png> <../results/CV-fused/large-fused-5k/coef-plots/coef-plot-drop-out-full2.png>] [95

]
<../results/CV-fused/noclust-large-fused-5k-gamma-01/best-lambda-res.png, id=960, 165.9801pt x 232.7094pt>
File: ../results/CV-fused/noclust-large-fused-5k-gamma-01/best-lambda-res.png Graphic file (type png)
<use ../results/CV-fused/noclust-large-fused-5k-gamma-01/best-lambda-res.png>
Package pdftex.def Info: ../results/CV-fused/noclust-large-fused-5k-gamma-01/best-lambda-res.png  used on input line 1391.
(pdftex.def)             Requested size: 138.2795pt x 193.88376pt.
[96

 <../results/CV-fused/noclust-large-fused-5k-gamma-01/best-lambda-res.png>]
<ma-presentation_files/figure-beamer/pred-fold-fused-nolcust-01-1.pdf, id=968, 722.7pt x 505.89pt>
File: ma-presentation_files/figure-beamer/pred-fold-fused-nolcust-01-1.pdf Graphic file (type pdf)
<use ma-presentation_files/figure-beamer/pred-fold-fused-nolcust-01-1.pdf>
Package pdftex.def Info: ma-presentation_files/figure-beamer/pred-fold-fused-nolcust-01-1.pdf  used on input line 1409.
(pdftex.def)             Requested size: 230.46739pt x 161.32458pt.

LaTeX Warning: Reference `(' on page 97 undefined on input line 1409.


Overfull \vbox (79.37569pt too high) detected at line 1409
 []

[97

 <./ma-presentation_files/figure-beamer/pred-fold-fused-nolcust-01-1.pdf>]
\openout4 = `ma-presentation.vrb'.

(./ma-presentation.vrb
<ma-presentation_files/figure-beamer/pred-plot-full-fused-noclust-01-1.pdf, id=983, 722.7pt x 505.89pt>
File: ma-presentation_files/figure-beamer/pred-plot-full-fused-noclust-01-1.pdf Graphic file (type pdf)
<use ma-presentation_files/figure-beamer/pred-plot-full-fused-noclust-01-1.pdf>
Package pdftex.def Info: ma-presentation_files/figure-beamer/pred-plot-full-fused-noclust-01-1.pdf  used on input line 5.
(pdftex.def)             Requested size: 230.46739pt x 161.32458pt.
)
Overfull \vbox (58.23077pt too high) detected at line 1426
 []

[98

 <./ma-presentation_files/figure-beamer/pred-plot-full-fused-noclust-01-1.pdf>]
<../results/CV-fused/noclust-large-fused-5k-gamma-01/coef-plots/coef-plot-full.png, id=996, 505.89pt x 505.89pt>
File: ../results/CV-fused/noclust-large-fused-5k-gamma-01/coef-plots/coef-plot-full.png Graphic file (type png)
<use ../results/CV-fused/noclust-large-fused-5k-gamma-01/coef-plots/coef-plot-full.png>
Package pdftex.def Info: ../results/CV-fused/noclust-large-fused-5k-gamma-01/coef-plots/coef-plot-full.png  used on input line 1436.
(pdftex.def)             Requested size: 230.46739pt x 230.47363pt.
<../results/CV-fused/noclust-large-fused-5k-gamma-01/coef-plots/coef-plot-drop-out-full1.png, id=997, 505.89pt x 505.89pt>
File: ../results/CV-fused/noclust-large-fused-5k-gamma-01/coef-plots/coef-plot-drop-out-full1.png Graphic file (type png)
<use ../results/CV-fused/noclust-large-fused-5k-gamma-01/coef-plots/coef-plot-drop-out-full1.png>
Package pdftex.def Info: ../results/CV-fused/noclust-large-fused-5k-gamma-01/coef-plots/coef-plot-drop-out-full1.png  used on input line 1436.
(pdftex.def)             Requested size: 230.46739pt x 230.47363pt.
<../results/CV-fused/noclust-large-fused-5k-gamma-01/coef-plots/coef-plot-drop-out-full2.png, id=998, 505.89pt x 505.89pt>
File: ../results/CV-fused/noclust-large-fused-5k-gamma-01/coef-plots/coef-plot-drop-out-full2.png Graphic file (type png)
<use ../results/CV-fused/noclust-large-fused-5k-gamma-01/coef-plots/coef-plot-drop-out-full2.png>
Package pdftex.def Info: ../results/CV-fused/noclust-large-fused-5k-gamma-01/coef-plots/coef-plot-drop-out-full2.png  used on input line 1436.
(pdftex.def)             Requested size: 230.46739pt x 230.47363pt.

Overfull \vbox (511.37498pt too high) detected at line 1436
 []

[99

 <../results/CV-fused/noclust-large-fused-5k-gamma-01/coef-plots/coef-plot-full.png> <../results/CV-fused/noclust-large-fused-5k-gamma-01/coef-plots/coef-plot-drop-out-full1.png> <../results/CV-fused/noclust-large-fused-5k-gamma-01/coef-plots/coef-plot-drop-out-full2.png>] [100

]
<../results/CV-fused/noclust-large-fused-5k-gamma-005/best-lambda-res.png, id=1011, 505.89pt x 505.89pt>
File: ../results/CV-fused/noclust-large-fused-5k-gamma-005/best-lambda-res.png Graphic file (type png)
<use ../results/CV-fused/noclust-large-fused-5k-gamma-005/best-lambda-res.png>
Package pdftex.def Info: ../results/CV-fused/noclust-large-fused-5k-gamma-005/best-lambda-res.png  used on input line 1445.
(pdftex.def)             Requested size: 138.2795pt x 138.28264pt.
[101

 <../results/CV-fused/noclust-large-fused-5k-gamma-005/best-lambda-res.png>]
<ma-presentation_files/figure-beamer/pred-fold-fused-noclust-005-1.pdf, id=1018, 722.7pt x 505.89pt>
File: ma-presentation_files/figure-beamer/pred-fold-fused-noclust-005-1.pdf Graphic file (type pdf)
<use ma-presentation_files/figure-beamer/pred-fold-fused-noclust-005-1.pdf>
Package pdftex.def Info: ma-presentation_files/figure-beamer/pred-fold-fused-noclust-005-1.pdf  used on input line 1463.
(pdftex.def)             Requested size: 230.46739pt x 161.32458pt.

LaTeX Warning: Reference `(' on page 102 undefined on input line 1463.


Overfull \vbox (79.37569pt too high) detected at line 1463
 []

[102

 <./ma-presentation_files/figure-beamer/pred-fold-fused-noclust-005-1.pdf>]
\openout4 = `ma-presentation.vrb'.

(./ma-presentation.vrb
<ma-presentation_files/figure-beamer/pred-plot-full-fused-noclust-05-1.pdf, id=1032, 722.7pt x 505.89pt>
File: ma-presentation_files/figure-beamer/pred-plot-full-fused-noclust-05-1.pdf Graphic file (type pdf)
<use ma-presentation_files/figure-beamer/pred-plot-full-fused-noclust-05-1.pdf>
Package pdftex.def Info: ma-presentation_files/figure-beamer/pred-plot-full-fused-noclust-05-1.pdf  used on input line 5.
(pdftex.def)             Requested size: 230.46739pt x 161.32458pt.
)
Overfull \vbox (58.23077pt too high) detected at line 1480
 []

[103

 <./ma-presentation_files/figure-beamer/pred-plot-full-fused-noclust-05-1.pdf>]
<../results/CV-fused/noclust-large-fused-5k-gamma-005/coef-plots/coef-plot-full.png, id=1046, 505.89pt x 505.89pt>
File: ../results/CV-fused/noclust-large-fused-5k-gamma-005/coef-plots/coef-plot-full.png Graphic file (type png)
<use ../results/CV-fused/noclust-large-fused-5k-gamma-005/coef-plots/coef-plot-full.png>
Package pdftex.def Info: ../results/CV-fused/noclust-large-fused-5k-gamma-005/coef-plots/coef-plot-full.png  used on input line 1490.
(pdftex.def)             Requested size: 230.46739pt x 230.47363pt.
<../results/CV-fused/noclust-large-fused-5k-gamma-005/coef-plots/coef-plot-drop-out-full1.png, id=1047, 505.89pt x 505.89pt>
File: ../results/CV-fused/noclust-large-fused-5k-gamma-005/coef-plots/coef-plot-drop-out-full1.png Graphic file (type png)
<use ../results/CV-fused/noclust-large-fused-5k-gamma-005/coef-plots/coef-plot-drop-out-full1.png>
Package pdftex.def Info: ../results/CV-fused/noclust-large-fused-5k-gamma-005/coef-plots/coef-plot-drop-out-full1.png  used on input line 1490.
(pdftex.def)             Requested size: 230.46739pt x 230.47363pt.
<../results/CV-fused/noclust-large-fused-5k-gamma-005/coef-plots/coef-plot-drop-out-full2.png, id=1048, 505.89pt x 505.89pt>
File: ../results/CV-fused/noclust-large-fused-5k-gamma-005/coef-plots/coef-plot-drop-out-full2.png Graphic file (type png)
<use ../results/CV-fused/noclust-large-fused-5k-gamma-005/coef-plots/coef-plot-drop-out-full2.png>
Package pdftex.def Info: ../results/CV-fused/noclust-large-fused-5k-gamma-005/coef-plots/coef-plot-drop-out-full2.png  used on input line 1490.
(pdftex.def)             Requested size: 230.46739pt x 230.47363pt.

Overfull \vbox (511.37498pt too high) detected at line 1490
 []

[104

 <../results/CV-fused/noclust-large-fused-5k-gamma-005/coef-plots/coef-plot-full.png> <../results/CV-fused/noclust-large-fused-5k-gamma-005/coef-plots/coef-plot-drop-out-full1.png> <../results/CV-fused/noclust-large-fused-5k-gamma-005/coef-plots/coef-plot-drop-out-full2.png>] [105

]
Overfull \vbox (24.5905pt too high) detected at line 1527
 []

[106

]
\tf@nav=\write6
\openout6 = `ma-presentation.nav'.

\tf@toc=\write7
\openout7 = `ma-presentation.toc'.

\tf@snm=\write8
\openout8 = `ma-presentation.snm'.

(./ma-presentation.aux)

LaTeX Warning: There were undefined references.

Package rerunfilecheck Info: File `ma-presentation.out' has not changed.
(rerunfilecheck)             Checksum: 57DA87431DF97E76D5861CDB5DB8966D;2970.
 ) 
Here is how much of TeX's memory you used:
 28292 strings out of 477035
 604301 string characters out of 5826645
 839168 words of memory out of 5000000
 48440 multiletter control sequences out of 15000+600000
 527670 words of font info for 68 fonts, out of 8000000 for 9000
 14 hyphenation exceptions out of 8191
 101i,13n,111p,1884b,753s stack positions out of 10000i,1000n,20000p,200000b,200000s

pdfTeX warning (dest): name{\(} has been referenced but does not exist, replaced by a fixed one

{c:/Users/Mufasa/AppData/Roaming/TinyTeX/texmf-dist/fonts/enc/dvips/lm/lm-mathit.enc}{c:/Users/Mufasa/AppData/Roaming/TinyTeX/texmf-dist/fonts/enc/dvips/lm/lm-ec.enc}{c:/Users/Mufasa/AppData/Roaming/TinyTeX/texmf-dist/fonts/enc/dvips/lm/lm-mathsy.enc}{c:/Users/Mufasa/AppData/Roaming/TinyTeX/texmf-dist/fonts/enc/dvips/lm/lm-rm.enc}{c:/Users/Mufasa/AppData/Roaming/TinyTeX/texmf-dist/fonts/enc/dvips/lm/lm-mathex.enc}{c:/Users/Mufasa/AppData/Roaming/TinyTeX/texmf-dist/fonts/enc/dvips/lm/lm-ts1.enc}<c:/Users/Mufasa/AppData/Roaming/TinyTeX/texmf-dist/fonts/type1/public/lm/lmex10.pfb><c:/Users/Mufasa/AppData/Roaming/TinyTeX/texmf-dist/fonts/type1/public/lm/lmmi10.pfb><c:/Users/Mufasa/AppData/Roaming/TinyTeX/texmf-dist/fonts/type1/public/lm/lmmi6.pfb><c:/Users/Mufasa/AppData/Roaming/TinyTeX/texmf-dist/fonts/type1/public/lm/lmmi8.pfb><c:/Users/Mufasa/AppData/Roaming/TinyTeX/texmf-dist/fonts/type1/public/lm/lmss10.pfb><c:/Users/Mufasa/AppData/Roaming/TinyTeX/texmf-dist/fonts/type1/public/lm/lmss8.pfb><c:/Users/Mufasa/AppData/Roaming/TinyTeX/texmf-dist/fonts/type1/public/lm/lmssbx10.pfb><c:/Users/Mufasa/AppData/Roaming/TinyTeX/texmf-dist/fonts/type1/public/lm/lmsso10.pfb><c:/Users/Mufasa/AppData/Roaming/TinyTeX/texmf-dist/fonts/type1/public/lm/lmsso12.pfb><c:/Users/Mufasa/AppData/Roaming/TinyTeX/texmf-dist/fonts/type1/public/lm/lmsso8.pfb><c:/Users/Mufasa/AppData/Roaming/TinyTeX/texmf-dist/fonts/type1/public/lm/lmsy10.pfb><c:/Users/Mufasa/AppData/Roaming/TinyTeX/texmf-dist/fonts/type1/public/lm/lmsy6.pfb><c:/Users/Mufasa/AppData/Roaming/TinyTeX/texmf-dist/fonts/type1/public/lm/lmsy8.pfb><c:/Users/Mufasa/AppData/Roaming/TinyTeX/texmf-dist/fonts/type1/public/lm/lmtt10.pfb><c:/Users/Mufasa/AppData/Roaming/TinyTeX/texmf-dist/fonts/type1/public/amsfonts/symbols/msbm10.pfb>
Output written on ma-presentation.pdf (106 pages, 10312719 bytes).
PDF statistics:
 1221 PDF objects out of 1440 (max. 8388607)
 955 compressed objects within 10 object streams
 347 named destinations out of 1000 (max. 500000)
 474 words of extra memory for PDF output out of 10000 (max. 10000000)

